#
# There is insufficient memory for the Java Runtime Environment to continue.
# Native memory allocation (malloc) failed to allocate 2294704 bytes for Chunk::new
# Possible reasons:
#   The system is out of physical RAM or swap space
#   The process is running with CompressedOops enabled, and the Java Heap may be blocking the growth of the native heap
# Possible solutions:
#   Reduce memory load on the system
#   Increase physical memory or swap space
#   Check if swap backing store is full
#   Decrease Java heap size (-Xmx/-Xms)
#   Decrease number of Java threads
#   Decrease Java thread stack sizes (-Xss)
#   Set larger code cache with -XX:ReservedCodeCacheSize=
#   JVM is running with Unscaled Compressed Oops mode in which the Java heap is
#     placed in the first 4GB address space. The Java Heap base address is the
#     maximum limit for the native heap growth. Please use -XX:HeapBaseMinAddress
#     to set the Java Heap base and to place the Java Heap above 4GB virtual address.
# This output file may be truncated or incomplete.
#
#  Out of Memory Error (arena.cpp:168), pid=15084, tid=14636
#
# JRE version: OpenJDK Runtime Environment Temurin-21.0.1+12 (21.0.1+12) (build 21.0.1+12-LTS)
# Java VM: OpenJDK 64-Bit Server VM Temurin-21.0.1+12 (21.0.1+12-LTS, mixed mode, sharing, tiered, compressed oops, compressed class ptrs, g1 gc, windows-amd64)
# No core dump will be written. Minidumps are not enabled by default on client versions of Windows
#

---------------  S U M M A R Y ------------

Command Line: -Dmaven.multiModuleProjectDirectory=C:\Users\ilyass\demo55 -Djansi.passthrough=true -Dmaven.home=C:\Users\ilyass\.m2\wrapper\dists\apache-maven-3.9.9-bin\4nf9hui3q3djbarqar9g711ggc\apache-maven-3.9.9 -Dclassworlds.conf=C:\Users\ilyass\.m2\wrapper\dists\apache-maven-3.9.9-bin\4nf9hui3q3djbarqar9g711ggc\apache-maven-3.9.9\bin\m2.conf -Dmaven.ext.class.path=C:\Program Files\JetBrains\IntelliJ IDEA 2023.2.5\plugins\maven\lib\maven-event-listener.jar -javaagent:C:\Program Files\JetBrains\IntelliJ IDEA 2023.2.5\lib\idea_rt.jar=50421:C:\Program Files\JetBrains\IntelliJ IDEA 2023.2.5\bin -Dfile.encoding=UTF-8 -Dsun.stdout.encoding=UTF-8 -Dsun.stderr.encoding=UTF-8 org.codehaus.classworlds.Launcher -Didea.version=2023.3.2 test

Host: Intel(R) Core(TM) i5-4200U CPU @ 1.60GHz, 4 cores, 3G,  Windows 10 , 64 bit Build 19041 (10.0.19041.5072)
Time: Thu Nov 28 19:20:11 2024 Paris, Madrid elapsed time: 21.997681 seconds (0d 0h 0m 21s)

---------------  T H R E A D  ---------------

Current thread (0x000001cb30e7f790):  JavaThread "C2 CompilerThread0" daemon [_thread_in_native, id=14636, stack(0x000000c5b7500000,0x000000c5b7600000) (1024K)]


Current CompileTask:
C2:  21997 7581       4       org.codehaus.plexus.classworlds.realm.ClassRealm::loadClass (7 bytes)

Stack: [0x000000c5b7500000,0x000000c5b7600000]
Native frames: (J=compiled Java code, j=interpreted, Vv=VM code, C=native code)
V  [jvm.dll+0x6c7789]
V  [jvm.dll+0x8a2011]
V  [jvm.dll+0x8a44ae]
V  [jvm.dll+0x8a4b83]
V  [jvm.dll+0x27f936]
V  [jvm.dll+0xc498d]
V  [jvm.dll+0xc4ea3]
V  [jvm.dll+0x3b375c]
V  [jvm.dll+0x1e0c33]
V  [jvm.dll+0x248042]
V  [jvm.dll+0x2474cf]
V  [jvm.dll+0x1c8ae1]
V  [jvm.dll+0x256c69]
V  [jvm.dll+0x25523a]
V  [jvm.dll+0x3ecc86]
V  [jvm.dll+0x84af3b]
V  [jvm.dll+0x6c5ebd]
C  [ucrtbase.dll+0x21bb2]
C  [KERNEL32.DLL+0x17374]
C  [ntdll.dll+0x4cc91]


---------------  P R O C E S S  ---------------

Threads class SMR info:
_java_thread_list=0x000001cb76908230, length=19, elements={
0x000001cb15fa0f80, 0x000001cb1606e550, 0x000001cb30e69be0, 0x000001cb30e75340,
0x000001cb30e75da0, 0x000001cb30e76a80, 0x000001cb30e774e0, 0x000001cb30e7f790,
0x000001cb30e80230, 0x000001cb30e5c360, 0x000001cb762ad520, 0x000001cb762af290,
0x000001cb7671e720, 0x000001cb766c0780, 0x000001cb766bd990, 0x000001cb766c00f0,
0x000001cb766be6b0, 0x000001cb766bed40, 0x000001cb766bfa60
}

Java Threads: ( => current thread )
  0x000001cb15fa0f80 JavaThread "main"                              [_thread_in_native, id=14968, stack(0x000000c5b6700000,0x000000c5b6800000) (1024K)]
  0x000001cb1606e550 JavaThread "Reference Handler"          daemon [_thread_blocked, id=19356, stack(0x000000c5b6f00000,0x000000c5b7000000) (1024K)]
  0x000001cb30e69be0 JavaThread "Finalizer"                  daemon [_thread_blocked, id=8148, stack(0x000000c5b7000000,0x000000c5b7100000) (1024K)]
  0x000001cb30e75340 JavaThread "Signal Dispatcher"          daemon [_thread_blocked, id=7856, stack(0x000000c5b7100000,0x000000c5b7200000) (1024K)]
  0x000001cb30e75da0 JavaThread "Attach Listener"            daemon [_thread_blocked, id=17660, stack(0x000000c5b7200000,0x000000c5b7300000) (1024K)]
  0x000001cb30e76a80 JavaThread "Service Thread"             daemon [_thread_blocked, id=5744, stack(0x000000c5b7300000,0x000000c5b7400000) (1024K)]
  0x000001cb30e774e0 JavaThread "Monitor Deflation Thread"   daemon [_thread_blocked, id=12048, stack(0x000000c5b7400000,0x000000c5b7500000) (1024K)]
=>0x000001cb30e7f790 JavaThread "C2 CompilerThread0"         daemon [_thread_in_native, id=14636, stack(0x000000c5b7500000,0x000000c5b7600000) (1024K)]
  0x000001cb30e80230 JavaThread "C1 CompilerThread0"         daemon [_thread_blocked, id=17620, stack(0x000000c5b7600000,0x000000c5b7700000) (1024K)]
  0x000001cb30e5c360 JavaThread "Common-Cleaner"             daemon [_thread_blocked, id=12124, stack(0x000000c5b7700000,0x000000c5b7800000) (1024K)]
  0x000001cb762ad520 JavaThread "Monitor Ctrl-Break"         daemon [_thread_in_native, id=18972, stack(0x000000c5b7800000,0x000000c5b7900000) (1024K)]
  0x000001cb762af290 JavaThread "Notification Thread"        daemon [_thread_blocked, id=17012, stack(0x000000c5b7900000,0x000000c5b7a00000) (1024K)]
  0x000001cb7671e720 JavaThread "Thread-1"                   daemon [_thread_blocked, id=14348, stack(0x000000c5b7d00000,0x000000c5b7e00000) (1024K)]
  0x000001cb766c0780 JavaThread "timeout-check-timer"        daemon [_thread_blocked, id=14892, stack(0x000000c5b7e00000,0x000000c5b7f00000) (1024K)]
  0x000001cb766bd990 JavaThread "ping-timer-10s"             daemon [_thread_blocked, id=7960, stack(0x000000c5b7f00000,0x000000c5b8000000) (1024K)]
  0x000001cb766c00f0 JavaThread "ThreadedStreamConsumer"     daemon [_thread_blocked, id=12780, stack(0x000000c5b8000000,0x000000c5b8100000) (1024K)]
  0x000001cb766be6b0 JavaThread "fork-1-err-thread"          daemon [_thread_in_native, id=7420, stack(0x000000c5b8100000,0x000000c5b8200000) (1024K)]
  0x000001cb766bed40 JavaThread "commands-fork-1"            daemon [_thread_blocked, id=18884, stack(0x000000c5b8200000,0x000000c5b8300000) (1024K)]
  0x000001cb766bfa60 JavaThread "fork-1-event-thread"        daemon [_thread_in_native, id=8940, stack(0x000000c5b8300000,0x000000c5b8400000) (1024K)]
Total: 19

Other Threads:
  0x000001cb1605b7e0 VMThread "VM Thread"                           [id=6952, stack(0x000000c5b6e00000,0x000000c5b6f00000) (1024K)]
  0x000001cb30e5a0c0 WatcherThread "VM Periodic Task Thread"        [id=16116, stack(0x000000c5b6d00000,0x000000c5b6e00000) (1024K)]
  0x000001cb15fdb390 WorkerThread "GC Thread#0"                     [id=18164, stack(0x000000c5b6800000,0x000000c5b6900000) (1024K)]
  0x000001cb76918550 WorkerThread "GC Thread#1"                     [id=13348, stack(0x000000c5b7a00000,0x000000c5b7b00000) (1024K)]
  0x000001cb769188f0 WorkerThread "GC Thread#2"                     [id=16672, stack(0x000000c5b7b00000,0x000000c5b7c00000) (1024K)]
  0x000001cb76980430 WorkerThread "GC Thread#3"                     [id=13552, stack(0x000000c5b7c00000,0x000000c5b7d00000) (1024K)]
  0x000001cb15fe58e0 ConcurrentGCThread "G1 Main Marker"            [id=7956, stack(0x000000c5b6900000,0x000000c5b6a00000) (1024K)]
  0x000001cb13eba360 WorkerThread "G1 Conc#0"                       [id=18360, stack(0x000000c5b6a00000,0x000000c5b6b00000) (1024K)]
  0x000001cb16034750 ConcurrentGCThread "G1 Refine#0"               [id=16792, stack(0x000000c5b6b00000,0x000000c5b6c00000) (1024K)]
  0x000001cb16035380 ConcurrentGCThread "G1 Service"                [id=18192, stack(0x000000c5b6c00000,0x000000c5b6d00000) (1024K)]
Total: 10

Threads with active compile tasks:
C2 CompilerThread0    22047 7581       4       org.codehaus.plexus.classworlds.realm.ClassRealm::loadClass (7 bytes)
Total: 1

VM state: not at safepoint (normal execution)

VM Mutex/Monitor currently owned by a thread: None

Heap address: 0x00000000c1800000, size: 1000 MB, Compressed Oops mode: 32-bit

CDS archive(s) mapped at: [0x000001cb31000000-0x000001cb31c90000-0x000001cb31c90000), size 13172736, SharedBaseAddress: 0x000001cb31000000, ArchiveRelocationMode: 1.
Compressed class space mapped at: 0x000001cb32000000-0x000001cb72000000, reserved size: 1073741824
Narrow klass base: 0x000001cb31000000, Narrow klass shift: 0, Narrow klass range: 0x100000000

GC Precious Log:
 CardTable entry size: 512
 Card Set container configuration: InlinePtr #cards 5 size 8 Array Of Cards #cards 12 size 40 Howl #buckets 4 coarsen threshold 1843 Howl Bitmap #cards 512 size 80 coarsen threshold 460 Card regions per heap region 1 cards per card region 2048
 CPUs: 4 total, 4 available
 Memory: 3993M
 Large Page Support: Disabled
 NUMA Support: Disabled
 Compressed Oops: Enabled (32-bit)
 Heap Region Size: 1M
 Heap Min Capacity: 8M
 Heap Initial Capacity: 64M
 Heap Max Capacity: 1000M
 Pre-touch: Disabled
 Parallel Workers: 4
 Concurrent Workers: 1
 Concurrent Refinement Workers: 4
 Periodic GC: Disabled

Heap:
 garbage-first heap   total 167936K, used 69603K [0x00000000c1800000, 0x0000000100000000)
  region size 1024K, 14 young (14336K), 2 survivors (2048K)
 Metaspace       used 34121K, committed 34624K, reserved 1114112K
  class space    used 3874K, committed 4096K, reserved 1048576K

Heap Regions: E=young(eden), S=young(survivor), O=old, HS=humongous(starts), HC=humongous(continues), CS=collection set, F=free, TAMS=top-at-mark-start, PB=parsable bottom
|   0|0x00000000c1800000, 0x00000000c1900000, 0x00000000c1900000|100%| O|  |TAMS 0x00000000c1800000| PB 0x00000000c1800000| Untracked 
|   1|0x00000000c1900000, 0x00000000c1a00000, 0x00000000c1a00000|100%| O|  |TAMS 0x00000000c1900000| PB 0x00000000c1900000| Untracked 
|   2|0x00000000c1a00000, 0x00000000c1b00000, 0x00000000c1b00000|100%| O|  |TAMS 0x00000000c1a00000| PB 0x00000000c1a00000| Untracked 
|   3|0x00000000c1b00000, 0x00000000c1c00000, 0x00000000c1c00000|100%| O|  |TAMS 0x00000000c1b00000| PB 0x00000000c1b00000| Untracked 
|   4|0x00000000c1c00000, 0x00000000c1d00000, 0x00000000c1d00000|100%| O|  |TAMS 0x00000000c1c00000| PB 0x00000000c1c00000| Untracked 
|   5|0x00000000c1d00000, 0x00000000c1e00000, 0x00000000c1e00000|100%| O|  |TAMS 0x00000000c1d00000| PB 0x00000000c1d00000| Untracked 
|   6|0x00000000c1e00000, 0x00000000c1f00000, 0x00000000c1f00000|100%| O|  |TAMS 0x00000000c1e00000| PB 0x00000000c1e00000| Untracked 
|   7|0x00000000c1f00000, 0x00000000c2000000, 0x00000000c2000000|100%| O|  |TAMS 0x00000000c1f00000| PB 0x00000000c1f00000| Untracked 
|   8|0x00000000c2000000, 0x00000000c2100000, 0x00000000c2100000|100%| O|  |TAMS 0x00000000c2000000| PB 0x00000000c2000000| Untracked 
|   9|0x00000000c2100000, 0x00000000c2200000, 0x00000000c2200000|100%| O|  |TAMS 0x00000000c2100000| PB 0x00000000c2100000| Untracked 
|  10|0x00000000c2200000, 0x00000000c2300000, 0x00000000c2300000|100%| O|  |TAMS 0x00000000c2200000| PB 0x00000000c2200000| Untracked 
|  11|0x00000000c2300000, 0x00000000c2400000, 0x00000000c2400000|100%| O|  |TAMS 0x00000000c2300000| PB 0x00000000c2300000| Untracked 
|  12|0x00000000c2400000, 0x00000000c2500000, 0x00000000c2500000|100%| O|Cm|TAMS 0x00000000c2400000| PB 0x00000000c2400000| Complete 
|  13|0x00000000c2500000, 0x00000000c2500000, 0x00000000c2600000|  0%| F|  |TAMS 0x00000000c2500000| PB 0x00000000c2500000| Untracked 
|  14|0x00000000c2600000, 0x00000000c2700000, 0x00000000c2700000|100%| O|  |TAMS 0x00000000c2600000| PB 0x00000000c2600000| Untracked 
|  15|0x00000000c2700000, 0x00000000c2800000, 0x00000000c2800000|100%| O|Cm|TAMS 0x00000000c2700000| PB 0x00000000c2700000| Complete 
|  16|0x00000000c2800000, 0x00000000c2800000, 0x00000000c2900000|  0%| F|  |TAMS 0x00000000c2800000| PB 0x00000000c2800000| Untracked 
|  17|0x00000000c2900000, 0x00000000c2a00000, 0x00000000c2a00000|100%| O|Cm|TAMS 0x00000000c2900000| PB 0x00000000c2900000| Complete 
|  18|0x00000000c2a00000, 0x00000000c2b00000, 0x00000000c2b00000|100%|HS|  |TAMS 0x00000000c2a00000| PB 0x00000000c2a00000| Complete 
|  19|0x00000000c2b00000, 0x00000000c2c00000, 0x00000000c2c00000|100%|HC|  |TAMS 0x00000000c2b00000| PB 0x00000000c2b00000| Complete 
|  20|0x00000000c2c00000, 0x00000000c2c00000, 0x00000000c2d00000|  0%| F|  |TAMS 0x00000000c2c00000| PB 0x00000000c2c00000| Untracked 
|  21|0x00000000c2d00000, 0x00000000c2e00000, 0x00000000c2e00000|100%| O|  |TAMS 0x00000000c2d00000| PB 0x00000000c2d00000| Untracked 
|  22|0x00000000c2e00000, 0x00000000c2e00000, 0x00000000c2f00000|  0%| F|  |TAMS 0x00000000c2e00000| PB 0x00000000c2e00000| Untracked 
|  23|0x00000000c2f00000, 0x00000000c2f00000, 0x00000000c3000000|  0%| F|  |TAMS 0x00000000c2f00000| PB 0x00000000c2f00000| Untracked 
|  24|0x00000000c3000000, 0x00000000c3100000, 0x00000000c3100000|100%| O|  |TAMS 0x00000000c3000000| PB 0x00000000c3000000| Untracked 
|  25|0x00000000c3100000, 0x00000000c3100000, 0x00000000c3200000|  0%| F|  |TAMS 0x00000000c3100000| PB 0x00000000c3100000| Untracked 
|  26|0x00000000c3200000, 0x00000000c3200000, 0x00000000c3300000|  0%| F|  |TAMS 0x00000000c3200000| PB 0x00000000c3200000| Untracked 
|  27|0x00000000c3300000, 0x00000000c3300000, 0x00000000c3400000|  0%| F|  |TAMS 0x00000000c3300000| PB 0x00000000c3300000| Untracked 
|  28|0x00000000c3400000, 0x00000000c3500000, 0x00000000c3500000|100%| O|Cm|TAMS 0x00000000c3400000| PB 0x00000000c3400000| Complete 
|  29|0x00000000c3500000, 0x00000000c3500000, 0x00000000c3600000|  0%| F|  |TAMS 0x00000000c3500000| PB 0x00000000c3500000| Untracked 
|  30|0x00000000c3600000, 0x00000000c3700000, 0x00000000c3700000|100%| O|Cm|TAMS 0x00000000c3600000| PB 0x00000000c3600000| Complete 
|  31|0x00000000c3700000, 0x00000000c3700000, 0x00000000c3800000|  0%| F|  |TAMS 0x00000000c3700000| PB 0x00000000c3700000| Untracked 
|  32|0x00000000c3800000, 0x00000000c3900000, 0x00000000c3900000|100%|HS|  |TAMS 0x00000000c3800000| PB 0x00000000c3800000| Complete 
|  33|0x00000000c3900000, 0x00000000c3a00000, 0x00000000c3a00000|100%|HC|  |TAMS 0x00000000c3900000| PB 0x00000000c3900000| Complete 
|  34|0x00000000c3a00000, 0x00000000c3a00000, 0x00000000c3b00000|  0%| F|  |TAMS 0x00000000c3a00000| PB 0x00000000c3a00000| Untracked 
|  35|0x00000000c3b00000, 0x00000000c3c00000, 0x00000000c3c00000|100%| O|Cm|TAMS 0x00000000c3b00000| PB 0x00000000c3b00000| Complete 
|  36|0x00000000c3c00000, 0x00000000c3d00000, 0x00000000c3d00000|100%|HS|  |TAMS 0x00000000c3c00000| PB 0x00000000c3c00000| Complete 
|  37|0x00000000c3d00000, 0x00000000c3e00000, 0x00000000c3e00000|100%| O|Cm|TAMS 0x00000000c3d00000| PB 0x00000000c3d00000| Complete 
|  38|0x00000000c3e00000, 0x00000000c3f00000, 0x00000000c3f00000|100%| O|Cm|TAMS 0x00000000c3e00000| PB 0x00000000c3e00000| Complete 
|  39|0x00000000c3f00000, 0x00000000c4000000, 0x00000000c4000000|100%| O|Cm|TAMS 0x00000000c3f00000| PB 0x00000000c3f00000| Complete 
|  40|0x00000000c4000000, 0x00000000c4100000, 0x00000000c4100000|100%| O|Cm|TAMS 0x00000000c4000000| PB 0x00000000c4000000| Complete 
|  41|0x00000000c4100000, 0x00000000c4200000, 0x00000000c4200000|100%| O|Cm|TAMS 0x00000000c4100000| PB 0x00000000c4100000| Complete 
|  42|0x00000000c4200000, 0x00000000c4300000, 0x00000000c4300000|100%| O|Cm|TAMS 0x00000000c4200000| PB 0x00000000c4200000| Complete 
|  43|0x00000000c4300000, 0x00000000c4400000, 0x00000000c4400000|100%|HS|  |TAMS 0x00000000c4300000| PB 0x00000000c4300000| Complete 
|  44|0x00000000c4400000, 0x00000000c4500000, 0x00000000c4500000|100%| O|  |TAMS 0x00000000c4400000| PB 0x00000000c4400000| Untracked 
|  45|0x00000000c4500000, 0x00000000c4600000, 0x00000000c4600000|100%| O|  |TAMS 0x00000000c4500000| PB 0x00000000c4500000| Untracked 
|  46|0x00000000c4600000, 0x00000000c4700000, 0x00000000c4700000|100%| O|Cm|TAMS 0x00000000c4600000| PB 0x00000000c4600000| Complete 
|  47|0x00000000c4700000, 0x00000000c4700000, 0x00000000c4800000|  0%| F|  |TAMS 0x00000000c4700000| PB 0x00000000c4700000| Untracked 
|  48|0x00000000c4800000, 0x00000000c4900000, 0x00000000c4900000|100%| O|Cm|TAMS 0x00000000c4800000| PB 0x00000000c4800000| Complete 
|  49|0x00000000c4900000, 0x00000000c4a00000, 0x00000000c4a00000|100%| O|Cm|TAMS 0x00000000c4900000| PB 0x00000000c4900000| Complete 
|  50|0x00000000c4a00000, 0x00000000c4b00000, 0x00000000c4b00000|100%| O|Cm|TAMS 0x00000000c4a00000| PB 0x00000000c4a00000| Complete 
|  51|0x00000000c4b00000, 0x00000000c4c00000, 0x00000000c4c00000|100%| O|  |TAMS 0x00000000c4b00000| PB 0x00000000c4b00000| Untracked 
|  52|0x00000000c4c00000, 0x00000000c4d00000, 0x00000000c4d00000|100%| O|Cm|TAMS 0x00000000c4c00000| PB 0x00000000c4c00000| Complete 
|  53|0x00000000c4d00000, 0x00000000c4d00000, 0x00000000c4e00000|  0%| F|  |TAMS 0x00000000c4d00000| PB 0x00000000c4d00000| Untracked 
|  54|0x00000000c4e00000, 0x00000000c4e00000, 0x00000000c4f00000|  0%| F|  |TAMS 0x00000000c4e00000| PB 0x00000000c4e00000| Untracked 
|  55|0x00000000c4f00000, 0x00000000c4f00000, 0x00000000c5000000|  0%| F|  |TAMS 0x00000000c4f00000| PB 0x00000000c4f00000| Untracked 
|  56|0x00000000c5000000, 0x00000000c5000000, 0x00000000c5100000|  0%| F|  |TAMS 0x00000000c5000000| PB 0x00000000c5000000| Untracked 
|  57|0x00000000c5100000, 0x00000000c5100000, 0x00000000c5200000|  0%| F|  |TAMS 0x00000000c5100000| PB 0x00000000c5100000| Untracked 
|  58|0x00000000c5200000, 0x00000000c5200000, 0x00000000c5300000|  0%| F|  |TAMS 0x00000000c5200000| PB 0x00000000c5200000| Untracked 
|  59|0x00000000c5300000, 0x00000000c5300000, 0x00000000c5400000|  0%| F|  |TAMS 0x00000000c5300000| PB 0x00000000c5300000| Untracked 
|  60|0x00000000c5400000, 0x00000000c5400000, 0x00000000c5500000|  0%| F|  |TAMS 0x00000000c5400000| PB 0x00000000c5400000| Untracked 
|  61|0x00000000c5500000, 0x00000000c5500000, 0x00000000c5600000|  0%| F|  |TAMS 0x00000000c5500000| PB 0x00000000c5500000| Untracked 
|  62|0x00000000c5600000, 0x00000000c5600000, 0x00000000c5700000|  0%| F|  |TAMS 0x00000000c5600000| PB 0x00000000c5600000| Untracked 
|  63|0x00000000c5700000, 0x00000000c5700000, 0x00000000c5800000|  0%| F|  |TAMS 0x00000000c5700000| PB 0x00000000c5700000| Untracked 
|  64|0x00000000c5800000, 0x00000000c5800000, 0x00000000c5900000|  0%| F|  |TAMS 0x00000000c5800000| PB 0x00000000c5800000| Untracked 
|  65|0x00000000c5900000, 0x00000000c5900000, 0x00000000c5a00000|  0%| F|  |TAMS 0x00000000c5900000| PB 0x00000000c5900000| Untracked 
|  66|0x00000000c5a00000, 0x00000000c5a00000, 0x00000000c5b00000|  0%| F|  |TAMS 0x00000000c5a00000| PB 0x00000000c5a00000| Untracked 
|  67|0x00000000c5b00000, 0x00000000c5b00000, 0x00000000c5c00000|  0%| F|  |TAMS 0x00000000c5b00000| PB 0x00000000c5b00000| Untracked 
|  68|0x00000000c5c00000, 0x00000000c5c00000, 0x00000000c5d00000|  0%| F|  |TAMS 0x00000000c5c00000| PB 0x00000000c5c00000| Untracked 
|  69|0x00000000c5d00000, 0x00000000c5d00000, 0x00000000c5e00000|  0%| F|  |TAMS 0x00000000c5d00000| PB 0x00000000c5d00000| Untracked 
|  70|0x00000000c5e00000, 0x00000000c5e00000, 0x00000000c5f00000|  0%| F|  |TAMS 0x00000000c5e00000| PB 0x00000000c5e00000| Untracked 
|  71|0x00000000c5f00000, 0x00000000c5f00000, 0x00000000c6000000|  0%| F|  |TAMS 0x00000000c5f00000| PB 0x00000000c5f00000| Untracked 
|  72|0x00000000c6000000, 0x00000000c60f8d18, 0x00000000c6100000| 97%| S|CS|TAMS 0x00000000c6000000| PB 0x00000000c6000000| Complete 
|  73|0x00000000c6100000, 0x00000000c6200000, 0x00000000c6200000|100%| S|CS|TAMS 0x00000000c6100000| PB 0x00000000c6100000| Complete 
|  74|0x00000000c6200000, 0x00000000c6200000, 0x00000000c6300000|  0%| F|  |TAMS 0x00000000c6200000| PB 0x00000000c6200000| Untracked 
|  75|0x00000000c6300000, 0x00000000c6300000, 0x00000000c6400000|  0%| F|  |TAMS 0x00000000c6300000| PB 0x00000000c6300000| Untracked 
|  76|0x00000000c6400000, 0x00000000c6400000, 0x00000000c6500000|  0%| F|  |TAMS 0x00000000c6400000| PB 0x00000000c6400000| Untracked 
|  77|0x00000000c6500000, 0x00000000c6500000, 0x00000000c6600000|  0%| F|  |TAMS 0x00000000c6500000| PB 0x00000000c6500000| Untracked 
|  78|0x00000000c6600000, 0x00000000c6600000, 0x00000000c6700000|  0%| F|  |TAMS 0x00000000c6600000| PB 0x00000000c6600000| Untracked 
|  79|0x00000000c6700000, 0x00000000c6700000, 0x00000000c6800000|  0%| F|  |TAMS 0x00000000c6700000| PB 0x00000000c6700000| Untracked 
|  80|0x00000000c6800000, 0x00000000c6800000, 0x00000000c6900000|  0%| F|  |TAMS 0x00000000c6800000| PB 0x00000000c6800000| Untracked 
|  81|0x00000000c6900000, 0x00000000c6900000, 0x00000000c6a00000|  0%| F|  |TAMS 0x00000000c6900000| PB 0x00000000c6900000| Untracked 
|  82|0x00000000c6a00000, 0x00000000c6a00000, 0x00000000c6b00000|  0%| F|  |TAMS 0x00000000c6a00000| PB 0x00000000c6a00000| Untracked 
|  83|0x00000000c6b00000, 0x00000000c6b00000, 0x00000000c6c00000|  0%| F|  |TAMS 0x00000000c6b00000| PB 0x00000000c6b00000| Untracked 
|  84|0x00000000c6c00000, 0x00000000c6c00000, 0x00000000c6d00000|  0%| F|  |TAMS 0x00000000c6c00000| PB 0x00000000c6c00000| Untracked 
|  85|0x00000000c6d00000, 0x00000000c6d00000, 0x00000000c6e00000|  0%| F|  |TAMS 0x00000000c6d00000| PB 0x00000000c6d00000| Untracked 
|  86|0x00000000c6e00000, 0x00000000c6e00000, 0x00000000c6f00000|  0%| F|  |TAMS 0x00000000c6e00000| PB 0x00000000c6e00000| Untracked 
|  87|0x00000000c6f00000, 0x00000000c6f00000, 0x00000000c7000000|  0%| F|  |TAMS 0x00000000c6f00000| PB 0x00000000c6f00000| Untracked 
|  88|0x00000000c7000000, 0x00000000c7000000, 0x00000000c7100000|  0%| F|  |TAMS 0x00000000c7000000| PB 0x00000000c7000000| Untracked 
|  89|0x00000000c7100000, 0x00000000c7100000, 0x00000000c7200000|  0%| F|  |TAMS 0x00000000c7100000| PB 0x00000000c7100000| Untracked 
|  90|0x00000000c7200000, 0x00000000c7200000, 0x00000000c7300000|  0%| F|  |TAMS 0x00000000c7200000| PB 0x00000000c7200000| Untracked 
|  91|0x00000000c7300000, 0x00000000c7300000, 0x00000000c7400000|  0%| F|  |TAMS 0x00000000c7300000| PB 0x00000000c7300000| Untracked 
|  92|0x00000000c7400000, 0x00000000c7400000, 0x00000000c7500000|  0%| F|  |TAMS 0x00000000c7400000| PB 0x00000000c7400000| Untracked 
|  93|0x00000000c7500000, 0x00000000c7500000, 0x00000000c7600000|  0%| F|  |TAMS 0x00000000c7500000| PB 0x00000000c7500000| Untracked 
|  94|0x00000000c7600000, 0x00000000c7600000, 0x00000000c7700000|  0%| F|  |TAMS 0x00000000c7600000| PB 0x00000000c7600000| Untracked 
|  95|0x00000000c7700000, 0x00000000c7700000, 0x00000000c7800000|  0%| F|  |TAMS 0x00000000c7700000| PB 0x00000000c7700000| Untracked 
|  96|0x00000000c7800000, 0x00000000c7800000, 0x00000000c7900000|  0%| F|  |TAMS 0x00000000c7800000| PB 0x00000000c7800000| Untracked 
|  97|0x00000000c7900000, 0x00000000c7900000, 0x00000000c7a00000|  0%| F|  |TAMS 0x00000000c7900000| PB 0x00000000c7900000| Untracked 
|  98|0x00000000c7a00000, 0x00000000c7a00000, 0x00000000c7b00000|  0%| F|  |TAMS 0x00000000c7a00000| PB 0x00000000c7a00000| Untracked 
|  99|0x00000000c7b00000, 0x00000000c7b00000, 0x00000000c7c00000|  0%| F|  |TAMS 0x00000000c7b00000| PB 0x00000000c7b00000| Untracked 
| 100|0x00000000c7c00000, 0x00000000c7c00000, 0x00000000c7d00000|  0%| F|  |TAMS 0x00000000c7c00000| PB 0x00000000c7c00000| Untracked 
| 101|0x00000000c7d00000, 0x00000000c7d00000, 0x00000000c7e00000|  0%| F|  |TAMS 0x00000000c7d00000| PB 0x00000000c7d00000| Untracked 
| 102|0x00000000c7e00000, 0x00000000c7e00000, 0x00000000c7f00000|  0%| F|  |TAMS 0x00000000c7e00000| PB 0x00000000c7e00000| Untracked 
| 103|0x00000000c7f00000, 0x00000000c7f00000, 0x00000000c8000000|  0%| F|  |TAMS 0x00000000c7f00000| PB 0x00000000c7f00000| Untracked 
| 104|0x00000000c8000000, 0x00000000c8000000, 0x00000000c8100000|  0%| F|  |TAMS 0x00000000c8000000| PB 0x00000000c8000000| Untracked 
| 105|0x00000000c8100000, 0x00000000c8100000, 0x00000000c8200000|  0%| F|  |TAMS 0x00000000c8100000| PB 0x00000000c8100000| Untracked 
| 106|0x00000000c8200000, 0x00000000c8200000, 0x00000000c8300000|  0%| F|  |TAMS 0x00000000c8200000| PB 0x00000000c8200000| Untracked 
| 107|0x00000000c8300000, 0x00000000c8300000, 0x00000000c8400000|  0%| F|  |TAMS 0x00000000c8300000| PB 0x00000000c8300000| Untracked 
| 108|0x00000000c8400000, 0x00000000c8400000, 0x00000000c8500000|  0%| F|  |TAMS 0x00000000c8400000| PB 0x00000000c8400000| Untracked 
| 109|0x00000000c8500000, 0x00000000c8500000, 0x00000000c8600000|  0%| F|  |TAMS 0x00000000c8500000| PB 0x00000000c8500000| Untracked 
| 110|0x00000000c8600000, 0x00000000c8600000, 0x00000000c8700000|  0%| F|  |TAMS 0x00000000c8600000| PB 0x00000000c8600000| Untracked 
| 111|0x00000000c8700000, 0x00000000c8700000, 0x00000000c8800000|  0%| F|  |TAMS 0x00000000c8700000| PB 0x00000000c8700000| Untracked 
| 112|0x00000000c8800000, 0x00000000c8800000, 0x00000000c8900000|  0%| F|  |TAMS 0x00000000c8800000| PB 0x00000000c8800000| Untracked 
| 113|0x00000000c8900000, 0x00000000c8900000, 0x00000000c8a00000|  0%| F|  |TAMS 0x00000000c8900000| PB 0x00000000c8900000| Untracked 
| 114|0x00000000c8a00000, 0x00000000c8a00000, 0x00000000c8b00000|  0%| F|  |TAMS 0x00000000c8a00000| PB 0x00000000c8a00000| Untracked 
| 115|0x00000000c8b00000, 0x00000000c8b00000, 0x00000000c8c00000|  0%| F|  |TAMS 0x00000000c8b00000| PB 0x00000000c8b00000| Untracked 
| 116|0x00000000c8c00000, 0x00000000c8c00000, 0x00000000c8d00000|  0%| F|  |TAMS 0x00000000c8c00000| PB 0x00000000c8c00000| Untracked 
| 117|0x00000000c8d00000, 0x00000000c8d00000, 0x00000000c8e00000|  0%| F|  |TAMS 0x00000000c8d00000| PB 0x00000000c8d00000| Untracked 
| 118|0x00000000c8e00000, 0x00000000c8e00000, 0x00000000c8f00000|  0%| F|  |TAMS 0x00000000c8e00000| PB 0x00000000c8e00000| Untracked 
| 119|0x00000000c8f00000, 0x00000000c8f00000, 0x00000000c9000000|  0%| F|  |TAMS 0x00000000c8f00000| PB 0x00000000c8f00000| Untracked 
| 120|0x00000000c9000000, 0x00000000c9000000, 0x00000000c9100000|  0%| F|  |TAMS 0x00000000c9000000| PB 0x00000000c9000000| Untracked 
| 121|0x00000000c9100000, 0x00000000c9100000, 0x00000000c9200000|  0%| F|  |TAMS 0x00000000c9100000| PB 0x00000000c9100000| Untracked 
| 122|0x00000000c9200000, 0x00000000c9200000, 0x00000000c9300000|  0%| F|  |TAMS 0x00000000c9200000| PB 0x00000000c9200000| Untracked 
| 123|0x00000000c9300000, 0x00000000c9300000, 0x00000000c9400000|  0%| F|  |TAMS 0x00000000c9300000| PB 0x00000000c9300000| Untracked 
| 124|0x00000000c9400000, 0x00000000c9400000, 0x00000000c9500000|  0%| F|  |TAMS 0x00000000c9400000| PB 0x00000000c9400000| Untracked 
| 125|0x00000000c9500000, 0x00000000c9500000, 0x00000000c9600000|  0%| F|  |TAMS 0x00000000c9500000| PB 0x00000000c9500000| Untracked 
| 126|0x00000000c9600000, 0x00000000c9600000, 0x00000000c9700000|  0%| F|  |TAMS 0x00000000c9600000| PB 0x00000000c9600000| Untracked 
| 127|0x00000000c9700000, 0x00000000c9700000, 0x00000000c9800000|  0%| F|  |TAMS 0x00000000c9700000| PB 0x00000000c9700000| Untracked 
| 128|0x00000000c9800000, 0x00000000c9800000, 0x00000000c9900000|  0%| F|  |TAMS 0x00000000c9800000| PB 0x00000000c9800000| Untracked 
| 129|0x00000000c9900000, 0x00000000c9900000, 0x00000000c9a00000|  0%| F|  |TAMS 0x00000000c9900000| PB 0x00000000c9900000| Untracked 
| 130|0x00000000c9a00000, 0x00000000c9a00000, 0x00000000c9b00000|  0%| F|  |TAMS 0x00000000c9a00000| PB 0x00000000c9a00000| Untracked 
| 131|0x00000000c9b00000, 0x00000000c9b00000, 0x00000000c9c00000|  0%| F|  |TAMS 0x00000000c9b00000| PB 0x00000000c9b00000| Untracked 
| 132|0x00000000c9c00000, 0x00000000c9c00000, 0x00000000c9d00000|  0%| F|  |TAMS 0x00000000c9c00000| PB 0x00000000c9c00000| Untracked 
| 133|0x00000000c9d00000, 0x00000000c9d00000, 0x00000000c9e00000|  0%| F|  |TAMS 0x00000000c9d00000| PB 0x00000000c9d00000| Untracked 
| 134|0x00000000c9e00000, 0x00000000c9e00000, 0x00000000c9f00000|  0%| F|  |TAMS 0x00000000c9e00000| PB 0x00000000c9e00000| Untracked 
| 135|0x00000000c9f00000, 0x00000000c9f00000, 0x00000000ca000000|  0%| F|  |TAMS 0x00000000c9f00000| PB 0x00000000c9f00000| Untracked 
| 136|0x00000000ca000000, 0x00000000ca000000, 0x00000000ca100000|  0%| F|  |TAMS 0x00000000ca000000| PB 0x00000000ca000000| Untracked 
| 137|0x00000000ca100000, 0x00000000ca100000, 0x00000000ca200000|  0%| F|  |TAMS 0x00000000ca100000| PB 0x00000000ca100000| Untracked 
| 138|0x00000000ca200000, 0x00000000ca300000, 0x00000000ca300000|100%| E|  |TAMS 0x00000000ca200000| PB 0x00000000ca200000| Complete 
| 139|0x00000000ca300000, 0x00000000ca400000, 0x00000000ca400000|100%| E|CS|TAMS 0x00000000ca300000| PB 0x00000000ca300000| Complete 
| 140|0x00000000ca400000, 0x00000000ca500000, 0x00000000ca500000|100%| E|CS|TAMS 0x00000000ca400000| PB 0x00000000ca400000| Complete 
| 141|0x00000000ca500000, 0x00000000ca600000, 0x00000000ca600000|100%| E|CS|TAMS 0x00000000ca500000| PB 0x00000000ca500000| Complete 
| 142|0x00000000ca600000, 0x00000000ca700000, 0x00000000ca700000|100%| E|CS|TAMS 0x00000000ca600000| PB 0x00000000ca600000| Complete 
| 143|0x00000000ca700000, 0x00000000ca800000, 0x00000000ca800000|100%| E|CS|TAMS 0x00000000ca700000| PB 0x00000000ca700000| Complete 
| 144|0x00000000ca800000, 0x00000000ca900000, 0x00000000ca900000|100%| E|CS|TAMS 0x00000000ca800000| PB 0x00000000ca800000| Complete 
| 145|0x00000000ca900000, 0x00000000caa00000, 0x00000000caa00000|100%| E|CS|TAMS 0x00000000ca900000| PB 0x00000000ca900000| Complete 
| 982|0x00000000fee00000, 0x00000000fef00000, 0x00000000fef00000|100%| O|Cm|TAMS 0x00000000fee00000| PB 0x00000000fee00000| Complete 
| 983|0x00000000fef00000, 0x00000000ff000000, 0x00000000ff000000|100%| O|  |TAMS 0x00000000fef00000| PB 0x00000000fef00000| Untracked 
| 984|0x00000000ff000000, 0x00000000ff100000, 0x00000000ff100000|100%| O|  |TAMS 0x00000000ff000000| PB 0x00000000ff000000| Untracked 
| 985|0x00000000ff100000, 0x00000000ff200000, 0x00000000ff200000|100%| O|  |TAMS 0x00000000ff100000| PB 0x00000000ff100000| Untracked 
| 986|0x00000000ff200000, 0x00000000ff300000, 0x00000000ff300000|100%| O|  |TAMS 0x00000000ff200000| PB 0x00000000ff200000| Untracked 
| 987|0x00000000ff300000, 0x00000000ff400000, 0x00000000ff400000|100%| O|  |TAMS 0x00000000ff300000| PB 0x00000000ff300000| Untracked 
| 988|0x00000000ff400000, 0x00000000ff500000, 0x00000000ff500000|100%| O|  |TAMS 0x00000000ff400000| PB 0x00000000ff400000| Untracked 
| 989|0x00000000ff500000, 0x00000000ff600000, 0x00000000ff600000|100%| E|CS|TAMS 0x00000000ff500000| PB 0x00000000ff500000| Complete 
| 990|0x00000000ff600000, 0x00000000ff700000, 0x00000000ff700000|100%| E|CS|TAMS 0x00000000ff600000| PB 0x00000000ff600000| Complete 
| 991|0x00000000ff700000, 0x00000000ff800000, 0x00000000ff800000|100%| O|  |TAMS 0x00000000ff700000| PB 0x00000000ff700000| Untracked 
| 992|0x00000000ff800000, 0x00000000ff900000, 0x00000000ff900000|100%| O|Cm|TAMS 0x00000000ff800000| PB 0x00000000ff800000| Complete 
| 993|0x00000000ff900000, 0x00000000ffa00000, 0x00000000ffa00000|100%| E|CS|TAMS 0x00000000ff900000| PB 0x00000000ff900000| Complete 
| 994|0x00000000ffa00000, 0x00000000ffb00000, 0x00000000ffb00000|100%| O|  |TAMS 0x00000000ffa00000| PB 0x00000000ffa00000| Untracked 
| 995|0x00000000ffb00000, 0x00000000ffc00000, 0x00000000ffc00000|100%| O|Cm|TAMS 0x00000000ffb00000| PB 0x00000000ffb00000| Complete 
| 996|0x00000000ffc00000, 0x00000000ffd00000, 0x00000000ffd00000|100%| O|  |TAMS 0x00000000ffc00000| PB 0x00000000ffc00000| Untracked 
| 997|0x00000000ffd00000, 0x00000000ffe00000, 0x00000000ffe00000|100%| O|  |TAMS 0x00000000ffd00000| PB 0x00000000ffd00000| Untracked 
| 998|0x00000000ffe00000, 0x00000000fff00000, 0x00000000fff00000|100%| O|Cm|TAMS 0x00000000ffe00000| PB 0x00000000ffe00000| Complete 
| 999|0x00000000fff00000, 0x0000000100000000, 0x0000000100000000|100%| E|CS|TAMS 0x00000000fff00000| PB 0x00000000fff00000| Complete 

Card table byte_map: [0x000001cb2d870000,0x000001cb2da70000] _byte_map_base: 0x000001cb2d264000

Marking Bits: (CMBitMap*) 0x000001cb15fdb9a0
 Bits: [0x000001cb2da70000, 0x000001cb2ea10000)

Polling page: 0x000001cb13f40000

Metaspace:

Usage:
  Non-class:     29.54 MB used.
      Class:      3.78 MB used.
       Both:     33.32 MB used.

Virtual space:
  Non-class space:       64.00 MB reserved,      29.81 MB ( 47%) committed,  1 nodes.
      Class space:        1.00 GB reserved,       4.00 MB ( <1%) committed,  1 nodes.
             Both:        1.06 GB reserved,      33.81 MB (  3%) committed. 

Chunk freelists:
   Non-Class:  1.45 MB
       Class:  12.00 MB
        Both:  13.45 MB

MaxMetaspaceSize: unlimited
CompressedClassSpaceSize: 1.00 GB
Initial GC threshold: 21.00 MB
Current GC threshold: 55.12 MB
CDS: on
 - commit_granule_bytes: 65536.
 - commit_granule_words: 8192.
 - virtual_space_node_default_size: 8388608.
 - enlarge_chunks_in_place: 1.
 - use_allocation_guard: 0.


Internal statistics:

num_allocs_failed_limit: 3.
num_arena_births: 492.
num_arena_deaths: 4.
num_vsnodes_births: 2.
num_vsnodes_deaths: 0.
num_space_committed: 557.
num_space_uncommitted: 7.
num_chunks_returned_to_freelist: 84.
num_chunks_taken_from_freelist: 1800.
num_chunk_merges: 20.
num_chunk_splits: 1240.
num_chunks_enlarged: 958.
num_inconsistent_stats: 0.

CodeHeap 'non-profiled nmethods': size=120000Kb used=3153Kb max_used=3297Kb free=116846Kb
 bounds [0x000001cb26140000, 0x000001cb26480000, 0x000001cb2d670000]
CodeHeap 'profiled nmethods': size=120000Kb used=12974Kb max_used=13502Kb free=107025Kb
 bounds [0x000001cb1e670000, 0x000001cb1f3b0000, 0x000001cb25ba0000]
CodeHeap 'non-nmethods': size=5760Kb used=1521Kb max_used=1532Kb free=4239Kb
 bounds [0x000001cb25ba0000, 0x000001cb25e10000, 0x000001cb26140000]
 total_blobs=6982 nmethods=6388 adapters=497
 compilation: enabled
              stopped_count=0, restarted_count=0
 full_count=0

Compilation events (20 events):
Event: 21.974 Thread 0x000001cb30e80230 7594       1       org.apache.maven.surefire.api.stream.AbstractStreamDecoder$Memento::getByteBuffer (5 bytes)
Event: 21.975 Thread 0x000001cb30e80230 nmethod 7594 0x000001cb26235b90 code [0x000001cb26235d20, 0x000001cb26235de8]
Event: 21.975 Thread 0x000001cb30e80230 7595       1       org.apache.maven.surefire.api.stream.AbstractStreamDecoder$MalformedFrameException::readFrom (5 bytes)
Event: 21.975 Thread 0x000001cb30e80230 nmethod 7595 0x000001cb263caf90 code [0x000001cb263cb120, 0x000001cb263cb1e8]
Event: 21.976 Thread 0x000001cb30e80230 7596       1       org.apache.maven.surefire.api.stream.AbstractStreamDecoder$BufferedStream::getPositionByteBuffer (5 bytes)
Event: 21.976 Thread 0x000001cb30e80230 nmethod 7596 0x000001cb263cac90 code [0x000001cb263cae20, 0x000001cb263caee8]
Event: 21.976 Thread 0x000001cb30e80230 7597       1       org.apache.maven.surefire.api.stream.AbstractStreamDecoder$MalformedFrameException::readTo (5 bytes)
Event: 21.977 Thread 0x000001cb30e80230 nmethod 7597 0x000001cb263ca990 code [0x000001cb263cab20, 0x000001cb263cabe8]
Event: 21.977 Thread 0x000001cb30e80230 7598       3       java.util.Formatter$FixedString::<init> (20 bytes)
Event: 21.977 Thread 0x000001cb30e80230 nmethod 7598 0x000001cb1f23a010 code [0x000001cb1f23a1c0, 0x000001cb1f23a388]
Event: 21.977 Thread 0x000001cb30e80230 7599       3       java.util.Formatter$FixedString::print (23 bytes)
Event: 21.977 Thread 0x000001cb30e80230 nmethod 7599 0x000001cb1f275010 code [0x000001cb1f2751c0, 0x000001cb1f2753a8]
Event: 21.977 Thread 0x000001cb30e80230 7600       3       java.lang.StringBuilder::append (8 bytes)
Event: 21.977 Thread 0x000001cb30e80230 nmethod 7600 0x000001cb1f27d590 code [0x000001cb1f27d740, 0x000001cb1f27d8f8]
Event: 21.978 Thread 0x000001cb30e80230 7602       3       sun.nio.cs.StreamEncoder::implWrite (145 bytes)
Event: 21.979 Thread 0x000001cb30e80230 nmethod 7602 0x000001cb1e730090 code [0x000001cb1e730300, 0x000001cb1e730c48]
Event: 21.979 Thread 0x000001cb30e80230 7603       3       java.lang.StringBuilder::toString (9 bytes)
Event: 21.979 Thread 0x000001cb30e80230 nmethod 7603 0x000001cb1e83a390 code [0x000001cb1e83a540, 0x000001cb1e83a750]
Event: 21.979 Thread 0x000001cb30e80230 7604       3       java.util.Calendar::internalGet (7 bytes)
Event: 21.980 Thread 0x000001cb30e80230 nmethod 7604 0x000001cb1e979410 code [0x000001cb1e9795c0, 0x000001cb1e9796f8]

GC Heap History (20 events):
Event: 12.354 GC heap before
{Heap before GC invocations=6 (full 0):
 garbage-first heap   total 65536K, used 54272K [0x00000000c1800000, 0x0000000100000000)
  region size 1024K, 38 young (38912K), 2 survivors (2048K)
 Metaspace       used 21243K, committed 21504K, reserved 1114112K
  class space    used 2391K, committed 2496K, reserved 1048576K
}
Event: 12.371 GC heap after
{Heap after GC invocations=7 (full 0):
 garbage-first heap   total 65536K, used 22367K [0x00000000c1800000, 0x0000000100000000)
  region size 1024K, 5 young (5120K), 5 survivors (5120K)
 Metaspace       used 21243K, committed 21504K, reserved 1114112K
  class space    used 2391K, committed 2496K, reserved 1048576K
}
Event: 13.672 GC heap before
{Heap before GC invocations=8 (full 0):
 garbage-first heap   total 65536K, used 57183K [0x00000000c1800000, 0x0000000100000000)
  region size 1024K, 35 young (35840K), 5 survivors (5120K)
 Metaspace       used 26909K, committed 27200K, reserved 1114112K
  class space    used 3041K, committed 3136K, reserved 1048576K
}
Event: 13.706 GC heap after
{Heap after GC invocations=9 (full 0):
 garbage-first heap   total 76800K, used 40960K [0x00000000c1800000, 0x0000000100000000)
  region size 1024K, 5 young (5120K), 5 survivors (5120K)
 Metaspace       used 26909K, committed 27200K, reserved 1114112K
  class space    used 3041K, committed 3136K, reserved 1048576K
}
Event: 14.194 GC heap before
{Heap before GC invocations=9 (full 0):
 garbage-first heap   total 76800K, used 61440K [0x00000000c1800000, 0x0000000100000000)
  region size 1024K, 25 young (25600K), 5 survivors (5120K)
 Metaspace       used 27489K, committed 27840K, reserved 1114112K
  class space    used 3112K, committed 3264K, reserved 1048576K
}
Event: 14.211 GC heap after
{Heap after GC invocations=10 (full 0):
 garbage-first heap   total 92160K, used 45568K [0x00000000c1800000, 0x0000000100000000)
  region size 1024K, 4 young (4096K), 4 survivors (4096K)
 Metaspace       used 27489K, committed 27840K, reserved 1114112K
  class space    used 3112K, committed 3264K, reserved 1048576K
}
Event: 15.224 GC heap before
{Heap before GC invocations=10 (full 0):
 garbage-first heap   total 92160K, used 71168K [0x00000000c1800000, 0x0000000100000000)
  region size 1024K, 30 young (30720K), 4 survivors (4096K)
 Metaspace       used 29065K, committed 29440K, reserved 1114112K
  class space    used 3287K, committed 3456K, reserved 1048576K
}
Event: 15.236 GC heap after
{Heap after GC invocations=11 (full 0):
 garbage-first heap   total 92160K, used 47104K [0x00000000c1800000, 0x0000000100000000)
  region size 1024K, 1 young (1024K), 1 survivors (1024K)
 Metaspace       used 29065K, committed 29440K, reserved 1114112K
  class space    used 3287K, committed 3456K, reserved 1048576K
}
Event: 16.838 GC heap before
{Heap before GC invocations=12 (full 0):
 garbage-first heap   total 92160K, used 75776K [0x00000000c1800000, 0x0000000100000000)
  region size 1024K, 28 young (28672K), 1 survivors (1024K)
 Metaspace       used 31315K, committed 31744K, reserved 1114112K
  class space    used 3587K, committed 3776K, reserved 1048576K
}
Event: 16.848 GC heap after
{Heap after GC invocations=13 (full 0):
 garbage-first heap   total 92160K, used 46538K [0x00000000c1800000, 0x0000000100000000)
  region size 1024K, 3 young (3072K), 3 survivors (3072K)
 Metaspace       used 31315K, committed 31744K, reserved 1114112K
  class space    used 3587K, committed 3776K, reserved 1048576K
}
Event: 17.551 GC heap before
{Heap before GC invocations=13 (full 0):
 garbage-first heap   total 92160K, used 80330K [0x00000000c1800000, 0x0000000100000000)
  region size 1024K, 32 young (32768K), 3 survivors (3072K)
 Metaspace       used 31373K, committed 31808K, reserved 1114112K
  class space    used 3587K, committed 3776K, reserved 1048576K
}
Event: 17.593 GC heap after
{Heap after GC invocations=14 (full 0):
 garbage-first heap   total 99328K, used 64512K [0x00000000c1800000, 0x0000000100000000)
  region size 1024K, 4 young (4096K), 4 survivors (4096K)
 Metaspace       used 31373K, committed 31808K, reserved 1114112K
  class space    used 3587K, committed 3776K, reserved 1048576K
}
Event: 17.794 GC heap before
{Heap before GC invocations=14 (full 0):
 garbage-first heap   total 99328K, used 69632K [0x00000000c1800000, 0x0000000100000000)
  region size 1024K, 10 young (10240K), 4 survivors (4096K)
 Metaspace       used 31384K, committed 31872K, reserved 1114112K
  class space    used 3587K, committed 3776K, reserved 1048576K
}
Event: 17.804 GC heap after
{Heap after GC invocations=15 (full 0):
 garbage-first heap   total 99328K, used 67181K [0x00000000c1800000, 0x0000000100000000)
  region size 1024K, 2 young (2048K), 2 survivors (2048K)
 Metaspace       used 31384K, committed 31872K, reserved 1114112K
  class space    used 3587K, committed 3776K, reserved 1048576K
}
Event: 18.398 GC heap before
{Heap before GC invocations=16 (full 0):
 garbage-first heap   total 121856K, used 81517K [0x00000000c1800000, 0x0000000100000000)
  region size 1024K, 20 young (20480K), 2 survivors (2048K)
 Metaspace       used 31402K, committed 31872K, reserved 1114112K
  class space    used 3587K, committed 3776K, reserved 1048576K
}
Event: 18.433 GC heap after
{Heap after GC invocations=17 (full 0):
 garbage-first heap   total 121856K, used 69074K [0x00000000c1800000, 0x0000000100000000)
  region size 1024K, 3 young (3072K), 3 survivors (3072K)
 Metaspace       used 31402K, committed 31872K, reserved 1114112K
  class space    used 3587K, committed 3776K, reserved 1048576K
}
Event: 19.786 GC heap before
{Heap before GC invocations=17 (full 0):
 garbage-first heap   total 121856K, used 93650K [0x00000000c1800000, 0x0000000100000000)
  region size 1024K, 28 young (28672K), 3 survivors (3072K)
 Metaspace       used 32525K, committed 33024K, reserved 1114112K
  class space    used 3719K, committed 3904K, reserved 1048576K
}
Event: 19.814 GC heap after
{Heap after GC invocations=18 (full 0):
 garbage-first heap   total 121856K, used 60495K [0x00000000c1800000, 0x0000000100000000)
  region size 1024K, 1 young (1024K), 1 survivors (1024K)
 Metaspace       used 32525K, committed 33024K, reserved 1114112K
  class space    used 3719K, committed 3904K, reserved 1048576K
}
Event: 21.056 GC heap before
{Heap before GC invocations=18 (full 0):
 garbage-first heap   total 121856K, used 91215K [0x00000000c1800000, 0x0000000100000000)
  region size 1024K, 31 young (31744K), 1 survivors (1024K)
 Metaspace       used 34353K, committed 34880K, reserved 1114112K
  class space    used 3879K, committed 4096K, reserved 1048576K
}
Event: 21.064 GC heap after
{Heap after GC invocations=19 (full 0):
 garbage-first heap   total 167936K, used 59519K [0x00000000c1800000, 0x0000000100000000)
  region size 1024K, 2 young (2048K), 2 survivors (2048K)
 Metaspace       used 34353K, committed 34880K, reserved 1114112K
  class space    used 3879K, committed 4096K, reserved 1048576K
}

Dll operation events (12 events):
Event: 0.225 Loaded shared library C:\Program Files\Eclipse Adoptium\jdk-21.0.1.12-hotspot\bin\java.dll
Event: 0.561 Loaded shared library C:\Program Files\Eclipse Adoptium\jdk-21.0.1.12-hotspot\bin\jsvml.dll
Event: 0.817 Loaded shared library C:\Program Files\Eclipse Adoptium\jdk-21.0.1.12-hotspot\bin\zip.dll
Event: 0.834 Loaded shared library C:\Program Files\Eclipse Adoptium\jdk-21.0.1.12-hotspot\bin\instrument.dll
Event: 0.851 Loaded shared library C:\Program Files\Eclipse Adoptium\jdk-21.0.1.12-hotspot\bin\net.dll
Event: 0.862 Loaded shared library C:\Program Files\Eclipse Adoptium\jdk-21.0.1.12-hotspot\bin\nio.dll
Event: 0.875 Loaded shared library C:\Program Files\Eclipse Adoptium\jdk-21.0.1.12-hotspot\bin\zip.dll
Event: 0.953 Loaded shared library C:\Program Files\JetBrains\IntelliJ IDEA 2023.2.5\bin\breakgen64.dll
Event: 1.026 Loaded shared library C:\Program Files\Eclipse Adoptium\jdk-21.0.1.12-hotspot\bin\extnet.dll
Event: 2.148 Loaded shared library C:\Program Files\Eclipse Adoptium\jdk-21.0.1.12-hotspot\bin\jimage.dll
Event: 2.276 Loaded shared library C:\Users\ilyass\AppData\Local\Temp\jansi-2.4.1-3f4c2861a1497772-jansi.dll
Event: 2.316 Loaded shared library C:\Program Files\Eclipse Adoptium\jdk-21.0.1.12-hotspot\bin\verify.dll

Deoptimization events (20 events):
Event: 21.671 Thread 0x000001cb766be6b0 Uncommon trap: trap_request=0xffffff45 fr.pc=0x000001cb26256d44 relative=0x0000000000000544
Event: 21.671 Thread 0x000001cb766be6b0 Uncommon trap: reason=unstable_if action=reinterpret pc=0x000001cb26256d44 method=java.lang.AbstractStringBuilder.inflateIfNeededFor(Ljava/lang/String;)V @ 14 c2
Event: 21.671 Thread 0x000001cb766be6b0 DEOPT PACKING pc=0x000001cb26256d44 sp=0x000000c5b81ff410
Event: 21.671 Thread 0x000001cb766be6b0 DEOPT UNPACKING pc=0x000001cb25bf46a2 sp=0x000000c5b81ff318 mode 2
Event: 21.671 Thread 0x000001cb766be6b0 Uncommon trap: trap_request=0xffffff45 fr.pc=0x000001cb26177e0c relative=0x00000000000000ec
Event: 21.671 Thread 0x000001cb766be6b0 Uncommon trap: reason=unstable_if action=reinterpret pc=0x000001cb26177e0c method=java.lang.String.getBytes([BIB)V @ 5 c2
Event: 21.671 Thread 0x000001cb766be6b0 DEOPT PACKING pc=0x000001cb26177e0c sp=0x000000c5b81ff340
Event: 21.671 Thread 0x000001cb766be6b0 DEOPT UNPACKING pc=0x000001cb25bf46a2 sp=0x000000c5b81ff308 mode 2
Event: 21.671 Thread 0x000001cb766be6b0 Uncommon trap: trap_request=0xffffff45 fr.pc=0x000001cb2625ef50 relative=0x0000000000000510
Event: 21.671 Thread 0x000001cb766be6b0 Uncommon trap: reason=unstable_if action=reinterpret pc=0x000001cb2625ef50 method=java.lang.String.<init>(Ljava/lang/AbstractStringBuilder;Ljava/lang/Void;)V @ 19 c2
Event: 21.671 Thread 0x000001cb766be6b0 DEOPT PACKING pc=0x000001cb2625ef50 sp=0x000000c5b81ff480
Event: 21.671 Thread 0x000001cb766be6b0 DEOPT UNPACKING pc=0x000001cb25bf46a2 sp=0x000000c5b81ff378 mode 2
Event: 21.671 Thread 0x000001cb766be6b0 Uncommon trap: trap_request=0xffffff76 fr.pc=0x000001cb2644fa74 relative=0x0000000000002714
Event: 21.671 Thread 0x000001cb766be6b0 Uncommon trap: reason=predicate action=maybe_recompile pc=0x000001cb2644fa74 method=java.util.regex.Pattern.compile()V @ 78 c2
Event: 21.671 Thread 0x000001cb766be6b0 DEOPT PACKING pc=0x000001cb2644fa74 sp=0x000000c5b81ff460
Event: 21.671 Thread 0x000001cb766be6b0 DEOPT UNPACKING pc=0x000001cb25bf46a2 sp=0x000000c5b81ff450 mode 2
Event: 21.671 Thread 0x000001cb766be6b0 Uncommon trap: trap_request=0xffffff45 fr.pc=0x000001cb262b2064 relative=0x00000000000000c4
Event: 21.671 Thread 0x000001cb766be6b0 Uncommon trap: reason=unstable_if action=reinterpret pc=0x000001cb262b2064 method=java.lang.String.codePointAt(I)I @ 4 c2
Event: 21.671 Thread 0x000001cb766be6b0 DEOPT PACKING pc=0x000001cb262b2064 sp=0x000000c5b81ff450
Event: 21.671 Thread 0x000001cb766be6b0 DEOPT UNPACKING pc=0x000001cb25bf46a2 sp=0x000000c5b81ff3e8 mode 2

Classes loaded (20 events):
Event: 21.607 Loading class jdk/internal/logger/LoggerFinderLoader
Event: 21.607 Loading class jdk/internal/logger/LoggerFinderLoader done
Event: 21.608 Loading class sun/util/logging/internal/LoggingProviderImpl$JULWrapper
Event: 21.609 Loading class sun/util/logging/PlatformLogger$ConfigurableBridge$LoggerConfiguration
Event: 21.609 Loading class sun/util/logging/PlatformLogger$ConfigurableBridge$LoggerConfiguration done
Event: 21.609 Loading class sun/util/logging/internal/LoggingProviderImpl$JULWrapper done
Event: 21.610 Loading class java/lang/System$Logger$Level
Event: 21.611 Loading class java/lang/System$Logger$Level done
Event: 21.612 Loading class java/nio/channels/ClosedChannelException
Event: 21.612 Loading class java/nio/channels/ClosedChannelException done
Event: 21.620 Loading class java/nio/channels/NonReadableChannelException
Event: 21.621 Loading class java/nio/channels/NonReadableChannelException done
Event: 21.623 Loading class java/nio/channels/NonWritableChannelException
Event: 21.623 Loading class java/nio/channels/NonWritableChannelException done
Event: 21.662 Loading class java/util/Scanner
Event: 21.664 Loading class java/util/Scanner done
Event: 21.667 Loading class java/util/Scanner$PatternLRUCache
Event: 21.667 Loading class java/util/Scanner$PatternLRUCache done
Event: 21.973 Loading class java/util/concurrent/atomic/Striped64$1
Event: 21.973 Loading class java/util/concurrent/atomic/Striped64$1 done

Classes unloaded (20 events):
Event: 21.154 Thread 0x000001cb1605b7e0 Unloading class 0x000001cb323367e8 'lombok/javac/apt/MessagerDiagnosticsReceiver'
Event: 21.154 Thread 0x000001cb1605b7e0 Unloading class 0x000001cb32336420 'lombok/javac/apt/InterceptingJavaFileManager'
Event: 21.154 Thread 0x000001cb1605b7e0 Unloading class 0x000001cb32336218 'lombok/permit/dummy/Parent'
Event: 21.154 Thread 0x000001cb1605b7e0 Unloading class 0x000001cb32336000 'lombok/core/CleanupRegistry'
Event: 21.154 Thread 0x000001cb1605b7e0 Unloading class 0x000001cb32335de8 'lombok/permit/Permit$Fake'
Event: 21.154 Thread 0x000001cb1605b7e0 Unloading class 0x000001cb32335be8 'lombok/permit/Permit'
Event: 21.154 Thread 0x000001cb1605b7e0 Unloading class 0x000001cb323358f8 'lombok/javac/apt/LombokProcessor$1'
Event: 21.154 Thread 0x000001cb1605b7e0 Unloading class 0x000001cb32335700 'lombok/core/DiagnosticsReceiver'
Event: 21.154 Thread 0x000001cb1605b7e0 Unloading class 0x000001cb32335468 'lombok/javac/apt/LombokProcessor'
Event: 21.154 Thread 0x000001cb1605b7e0 Unloading class 0x000001cb32335238 'lombok/core/AnnotationProcessor$EcjDescriptor'
Event: 21.154 Thread 0x000001cb1605b7e0 Unloading class 0x000001cb32335000 'lombok/core/AnnotationProcessor$JavacDescriptor'
Event: 21.154 Thread 0x000001cb1605b7e0 Unloading class 0x000001cb32334a80 'lombok/core/AnnotationProcessor$ProcessorDescriptor'
Event: 21.154 Thread 0x000001cb1605b7e0 Unloading class 0x000001cb32334800 'lombok/core/AnnotationProcessor'
Event: 21.154 Thread 0x000001cb1605b7e0 Unloading class 0x000001cb32371c00 'lombok/launch/AnnotationProcessorHider$ClaimingProcessor'
Event: 21.154 Thread 0x000001cb1605b7e0 Unloading class 0x000001cb32334498 'lombok/launch/AnnotationProcessorHider$AstModificationNotifierData'
Event: 21.154 Thread 0x000001cb1605b7e0 Unloading class 0x000001cb32334218 'lombok/launch/ClassFileMetaData'
Event: 21.154 Thread 0x000001cb1605b7e0 Unloading class 0x000001cb32334000 'lombok/launch/PackageShader'
Event: 21.154 Thread 0x000001cb1605b7e0 Unloading class 0x000001cb32310480 'lombok/launch/ShadowClassLoader'
Event: 21.154 Thread 0x000001cb1605b7e0 Unloading class 0x000001cb32310280 'lombok/launch/Main'
Event: 21.154 Thread 0x000001cb1605b7e0 Unloading class 0x000001cb32310000 'lombok/launch/AnnotationProcessorHider$AnnotationProcessor'

Classes redefined (0 events):
No events

Internal exceptions (20 events):
Event: 19.983 Thread 0x000001cb15fa0f80 Exception <a 'sun/nio/fs/WindowsException'{0x00000000c7caa598}> (0x00000000c7caa598) 
thrown [s\src\hotspot\share\prims\jni.cpp, line 520]
Event: 19.983 Thread 0x000001cb15fa0f80 Exception <a 'sun/nio/fs/WindowsException'{0x00000000c7caaed0}> (0x00000000c7caaed0) 
thrown [s\src\hotspot\share\prims\jni.cpp, line 520]
Event: 19.984 Thread 0x000001cb15fa0f80 Exception <a 'sun/nio/fs/WindowsException'{0x00000000c7cab8d0}> (0x00000000c7cab8d0) 
thrown [s\src\hotspot\share\prims\jni.cpp, line 520]
Event: 19.987 Thread 0x000001cb15fa0f80 Exception <a 'sun/nio/fs/WindowsException'{0x00000000c7cc8518}> (0x00000000c7cc8518) 
thrown [s\src\hotspot\share\prims\jni.cpp, line 520]
Event: 19.987 Thread 0x000001cb15fa0f80 Exception <a 'sun/nio/fs/WindowsException'{0x00000000c7cc8e50}> (0x00000000c7cc8e50) 
thrown [s\src\hotspot\share\prims\jni.cpp, line 520]
Event: 19.987 Thread 0x000001cb15fa0f80 Exception <a 'sun/nio/fs/WindowsException'{0x00000000c7cc9850}> (0x00000000c7cc9850) 
thrown [s\src\hotspot\share\prims\jni.cpp, line 520]
Event: 19.999 Thread 0x000001cb15fa0f80 Exception <a 'sun/nio/fs/WindowsException'{0x00000000c7b4cd20}> (0x00000000c7b4cd20) 
thrown [s\src\hotspot\share\prims\jni.cpp, line 520]
Event: 20.003 Thread 0x000001cb15fa0f80 Exception <a 'sun/nio/fs/WindowsException'{0x00000000c7b662e0}> (0x00000000c7b662e0) 
thrown [s\src\hotspot\share\prims\jni.cpp, line 520]
Event: 20.008 Thread 0x000001cb15fa0f80 Exception <a 'sun/nio/fs/WindowsException'{0x00000000c7b81c20}> (0x00000000c7b81c20) 
thrown [s\src\hotspot\share\prims\jni.cpp, line 520]
Event: 20.008 Thread 0x000001cb15fa0f80 Exception <a 'sun/nio/fs/WindowsException'{0x00000000c7b82328}> (0x00000000c7b82328) 
thrown [s\src\hotspot\share\prims\jni.cpp, line 520]
Event: 20.009 Thread 0x000001cb15fa0f80 Exception <a 'sun/nio/fs/WindowsException'{0x00000000c7b828f8}> (0x00000000c7b828f8) 
thrown [s\src\hotspot\share\prims\jni.cpp, line 520]
Event: 20.009 Thread 0x000001cb15fa0f80 Exception <a 'sun/nio/fs/WindowsException'{0x00000000c7b82fd0}> (0x00000000c7b82fd0) 
thrown [s\src\hotspot\share\prims\jni.cpp, line 520]
Event: 20.009 Thread 0x000001cb15fa0f80 Exception <a 'sun/nio/fs/WindowsException'{0x00000000c7b83690}> (0x00000000c7b83690) 
thrown [s\src\hotspot\share\prims\jni.cpp, line 520]
Event: 20.870 Thread 0x000001cb766c0780 Exception <a 'java/lang/NoSuchMethodError'{0x00000000c663d398}: 'java.lang.Object java.lang.invoke.DirectMethodHandle$Holder.invokeStatic(java.lang.Object, long, java.lang.Object)'> (0x00000000c663d398) 
thrown [s\src\hotspot\share\interpreter\linkResolver.cpp, line 773]
Event: 20.871 Thread 0x000001cb766c0780 Exception <a 'java/lang/NoSuchMethodError'{0x00000000c6640740}: 'java.lang.Object java.lang.invoke.DirectMethodHandle$Holder.invokeStaticInit(java.lang.Object, long, java.lang.Object)'> (0x00000000c6640740) 
thrown [s\src\hotspot\share\interpreter\linkResolver.cpp, line 773]
Event: 20.871 Thread 0x000001cb766c0780 Exception <a 'java/lang/NoSuchMethodError'{0x00000000c6645b38}: 'java.lang.Object java.lang.invoke.DirectMethodHandle$Holder.newInvokeSpecial(java.lang.Object, long)'> (0x00000000c6645b38) 
thrown [s\src\hotspot\share\interpreter\linkResolver.cpp, line 773]
Event: 20.876 Thread 0x000001cb766c0780 Exception <a 'java/lang/NoSuchMethodError'{0x00000000c6649f78}: 'long java.lang.invoke.DirectMethodHandle$Holder.invokeInterface(java.lang.Object, java.lang.Object)'> (0x00000000c6649f78) 
thrown [s\src\hotspot\share\interpreter\linkResolver.cpp, line 773]
Event: 20.876 Thread 0x000001cb766c0780 Exception <a 'java/lang/NoSuchMethodError'{0x00000000c664d430}: 'long java.lang.invoke.DelegatingMethodHandle$Holder.reinvoke_L(java.lang.Object, java.lang.Object)'> (0x00000000c664d430) 
thrown [s\src\hotspot\share\interpreter\linkResolver.cpp, line 773]
Event: 20.981 Thread 0x000001cb15fa0f80 Exception <a 'java/lang/NoSuchMethodError'{0x00000000c64546b8}: 'java.lang.Object java.lang.invoke.DirectMethodHandle$Holder.invokeStaticInit(java.lang.Object, java.lang.Object, int, int, int, int)'> (0x00000000c64546b8) 
thrown [s\src\hotspot\share\interpreter\linkResolver.cpp, line 773]
Event: 21.593 Thread 0x000001cb15fa0f80 Exception <a 'java/lang/NoSuchMethodError'{0x00000000ca5d6d98}: 'void java.lang.invoke.DirectMethodHandle$Holder.invokeStatic(java.lang.Object, long)'> (0x00000000ca5d6d98) 
thrown [s\src\hotspot\share\interpreter\linkResolver.cpp, line 773]

ZGC Phase Switch (0 events):
No events

VM Operations (20 events):
Event: 20.865 Executing VM operation: HandshakeAllThreads (Deoptimize)
Event: 20.866 Executing VM operation: HandshakeAllThreads (Deoptimize) done
Event: 20.866 Executing VM operation: Cleanup
Event: 20.866 Executing VM operation: Cleanup done
Event: 21.056 Executing VM operation: G1CollectForAllocation (G1 Evacuation Pause)
Event: 21.065 Executing VM operation: G1CollectForAllocation (G1 Evacuation Pause) done
Event: 21.149 Executing VM operation: G1PauseRemark
Event: 21.272 Executing VM operation: G1PauseRemark done
Event: 21.317 Executing VM operation: G1PauseCleanup
Event: 21.317 Executing VM operation: G1PauseCleanup done
Event: 21.439 Executing VM operation: HandshakeAllThreads (Deoptimize)
Event: 21.439 Executing VM operation: HandshakeAllThreads (Deoptimize) done
Event: 21.451 Executing VM operation: HandshakeAllThreads (Deoptimize)
Event: 21.451 Executing VM operation: HandshakeAllThreads (Deoptimize) done
Event: 21.477 Executing VM operation: HandshakeAllThreads (Deoptimize)
Event: 21.477 Executing VM operation: HandshakeAllThreads (Deoptimize) done
Event: 21.478 Executing VM operation: HandshakeAllThreads (Deoptimize)
Event: 21.478 Executing VM operation: HandshakeAllThreads (Deoptimize) done
Event: 21.599 Executing VM operation: HandshakeAllThreads (Deoptimize)
Event: 21.599 Executing VM operation: HandshakeAllThreads (Deoptimize) done

Events (20 events):
Event: 21.270 Thread 0x000001cb1605b7e0 flushing nmethod 0x000001cb26235b90
Event: 21.270 Thread 0x000001cb1605b7e0 flushing nmethod 0x000001cb26223810
Event: 21.270 Thread 0x000001cb1605b7e0 flushing nmethod 0x000001cb261ebc10
Event: 21.270 Thread 0x000001cb1605b7e0 flushing nmethod 0x000001cb261efe90
Event: 21.270 Thread 0x000001cb1605b7e0 flushing nmethod 0x000001cb261ea410
Event: 21.270 Thread 0x000001cb1605b7e0 flushing nmethod 0x000001cb261c1b10
Event: 21.270 Thread 0x000001cb1605b7e0 flushing nmethod 0x000001cb2618a890
Event: 21.270 Thread 0x000001cb1605b7e0 flushing nmethod 0x000001cb26184110
Event: 21.270 Thread 0x000001cb1605b7e0 flushing nmethod 0x000001cb2617bc10
Event: 21.270 Thread 0x000001cb1605b7e0 flushing nmethod 0x000001cb2616fc10
Event: 21.270 Thread 0x000001cb1605b7e0 flushing nmethod 0x000001cb2616dc90
Event: 21.270 Thread 0x000001cb1605b7e0 flushing nmethod 0x000001cb2615be90
Event: 21.270 Thread 0x000001cb1605b7e0 flushing nmethod 0x000001cb26155a10
Event: 21.270 Thread 0x000001cb1605b7e0 flushing nmethod 0x000001cb26157b90
Event: 21.357 Thread 0x000001cb766c0780 Thread added: 0x000001cb766c0780
Event: 21.369 Thread 0x000001cb766bd990 Thread added: 0x000001cb766bd990
Event: 21.530 Thread 0x000001cb766c00f0 Thread added: 0x000001cb766c00f0
Event: 21.659 Thread 0x000001cb766be6b0 Thread added: 0x000001cb766be6b0
Event: 21.660 Thread 0x000001cb766bed40 Thread added: 0x000001cb766bed40
Event: 21.679 Thread 0x000001cb766bfa60 Thread added: 0x000001cb766bfa60


Dynamic libraries:
0x00007ff7cce30000 - 0x00007ff7cce3e000 	C:\Program Files\Eclipse Adoptium\jdk-21.0.1.12-hotspot\bin\java.exe
0x00007ff8f1210000 - 0x00007ff8f1408000 	C:\WINDOWS\SYSTEM32\ntdll.dll
0x00007ff8f02b0000 - 0x00007ff8f0372000 	C:\WINDOWS\System32\KERNEL32.DLL
0x00007ff8eeb90000 - 0x00007ff8eee8e000 	C:\WINDOWS\System32\KERNELBASE.dll
0x00007ff8eea90000 - 0x00007ff8eeb90000 	C:\WINDOWS\System32\ucrtbase.dll
0x00007ff8c6170000 - 0x00007ff8c618b000 	C:\Program Files\Eclipse Adoptium\jdk-21.0.1.12-hotspot\bin\VCRUNTIME140.dll
0x00007ff8c60d0000 - 0x00007ff8c60e8000 	C:\Program Files\Eclipse Adoptium\jdk-21.0.1.12-hotspot\bin\jli.dll
0x00007ff8f0460000 - 0x00007ff8f05fd000 	C:\WINDOWS\System32\USER32.dll
0x00007ff8eea10000 - 0x00007ff8eea32000 	C:\WINDOWS\System32\win32u.dll
0x00007ff8ef370000 - 0x00007ff8ef39b000 	C:\WINDOWS\System32\GDI32.dll
0x00007ff8ef070000 - 0x00007ff8ef187000 	C:\WINDOWS\System32\gdi32full.dll
0x00007ff8ef190000 - 0x00007ff8ef22d000 	C:\WINDOWS\System32\msvcp_win.dll
0x00007ff8d98d0000 - 0x00007ff8d9b6a000 	C:\WINDOWS\WinSxS\amd64_microsoft.windows.common-controls_6595b64144ccf1df_6.0.19041.4355_none_60b8b9eb71f62e16\COMCTL32.dll
0x00007ff8ef2d0000 - 0x00007ff8ef36e000 	C:\WINDOWS\System32\msvcrt.dll
0x00007ff8ef4d0000 - 0x00007ff8ef4ff000 	C:\WINDOWS\System32\IMM32.DLL
0x00007ff8c60c0000 - 0x00007ff8c60cc000 	C:\Program Files\Eclipse Adoptium\jdk-21.0.1.12-hotspot\bin\vcruntime140_1.dll
0x00007ff891bd0000 - 0x00007ff891c5e000 	C:\Program Files\Eclipse Adoptium\jdk-21.0.1.12-hotspot\bin\msvcp140.dll
0x00007ff889800000 - 0x00007ff88a581000 	C:\Program Files\Eclipse Adoptium\jdk-21.0.1.12-hotspot\bin\server\jvm.dll
0x00007ff8ef500000 - 0x00007ff8ef5b1000 	C:\WINDOWS\System32\ADVAPI32.dll
0x00007ff8ef230000 - 0x00007ff8ef2cf000 	C:\WINDOWS\System32\sechost.dll
0x00007ff8ef3a0000 - 0x00007ff8ef4c3000 	C:\WINDOWS\System32\RPCRT4.dll
0x00007ff8eef20000 - 0x00007ff8eef47000 	C:\WINDOWS\System32\bcrypt.dll
0x00007ff8f10b0000 - 0x00007ff8f111b000 	C:\WINDOWS\System32\WS2_32.dll
0x00007ff8eddb0000 - 0x00007ff8eddfb000 	C:\WINDOWS\SYSTEM32\POWRPROF.dll
0x00007ff8dbee0000 - 0x00007ff8dbf07000 	C:\WINDOWS\SYSTEM32\WINMM.dll
0x00007ff8dda60000 - 0x00007ff8dda6a000 	C:\WINDOWS\SYSTEM32\VERSION.dll
0x00007ff8edc70000 - 0x00007ff8edc82000 	C:\WINDOWS\SYSTEM32\UMPDC.dll
0x00007ff8ed080000 - 0x00007ff8ed092000 	C:\WINDOWS\SYSTEM32\kernel.appcore.dll
0x00007ff8b4500000 - 0x00007ff8b450a000 	C:\Program Files\Eclipse Adoptium\jdk-21.0.1.12-hotspot\bin\jimage.dll
0x00007ff8dbfd0000 - 0x00007ff8dc1b4000 	C:\WINDOWS\SYSTEM32\DBGHELP.DLL
0x00007ff8dbd40000 - 0x00007ff8dbd74000 	C:\WINDOWS\SYSTEM32\dbgcore.DLL
0x00007ff8eee90000 - 0x00007ff8eef12000 	C:\WINDOWS\System32\bcryptPrimitives.dll
0x00007ff8e8780000 - 0x00007ff8e878f000 	C:\Program Files\Eclipse Adoptium\jdk-21.0.1.12-hotspot\bin\instrument.dll
0x00007ff8b3710000 - 0x00007ff8b372f000 	C:\Program Files\Eclipse Adoptium\jdk-21.0.1.12-hotspot\bin\java.dll
0x00007ff8ef5c0000 - 0x00007ff8efd2d000 	C:\WINDOWS\System32\SHELL32.dll
0x00007ff8ec8d0000 - 0x00007ff8ed074000 	C:\WINDOWS\SYSTEM32\windows.storage.dll
0x00007ff8efd30000 - 0x00007ff8f0083000 	C:\WINDOWS\System32\combase.dll
0x00007ff8ee200000 - 0x00007ff8ee22e000 	C:\WINDOWS\SYSTEM32\Wldp.dll
0x00007ff8f0380000 - 0x00007ff8f044d000 	C:\WINDOWS\System32\OLEAUT32.dll
0x00007ff8f0f10000 - 0x00007ff8f0fbd000 	C:\WINDOWS\System32\SHCORE.dll
0x00007ff8f0250000 - 0x00007ff8f02a5000 	C:\WINDOWS\System32\shlwapi.dll
0x00007ff8ee7e0000 - 0x00007ff8ee804000 	C:\WINDOWS\SYSTEM32\profapi.dll
0x00007ff88eaf0000 - 0x00007ff88ebc7000 	C:\Program Files\Eclipse Adoptium\jdk-21.0.1.12-hotspot\bin\jsvml.dll
0x00007ff8a18a0000 - 0x00007ff8a18b8000 	C:\Program Files\Eclipse Adoptium\jdk-21.0.1.12-hotspot\bin\zip.dll
0x00007ff8b3700000 - 0x00007ff8b3710000 	C:\Program Files\Eclipse Adoptium\jdk-21.0.1.12-hotspot\bin\net.dll
0x00007ff8e2830000 - 0x00007ff8e293d000 	C:\WINDOWS\SYSTEM32\WINHTTP.dll
0x00007ff8edfe0000 - 0x00007ff8ee04a000 	C:\WINDOWS\system32\mswsock.dll
0x00007ff8b36e0000 - 0x00007ff8b36f6000 	C:\Program Files\Eclipse Adoptium\jdk-21.0.1.12-hotspot\bin\nio.dll
0x00007ff8cfce0000 - 0x00007ff8cfcfa000 	C:\Program Files\JetBrains\IntelliJ IDEA 2023.2.5\bin\breakgen64.dll
0x00007ff89aad0000 - 0x00007ff89aad7000 	C:\Program Files\Eclipse Adoptium\jdk-21.0.1.12-hotspot\bin\extnet.dll
0x00007ff8d8bc0000 - 0x00007ff8d8be4000 	C:\Users\ilyass\AppData\Local\Temp\jansi-2.4.1-3f4c2861a1497772-jansi.dll
0x00007ff89a190000 - 0x00007ff89a1a0000 	C:\Program Files\Eclipse Adoptium\jdk-21.0.1.12-hotspot\bin\verify.dll
0x00007ff8ee550000 - 0x00007ff8ee568000 	C:\WINDOWS\SYSTEM32\CRYPTSP.dll
0x00007ff8ed8b0000 - 0x00007ff8ed8e4000 	C:\WINDOWS\system32\rsaenh.dll
0x00007ff8ee7a0000 - 0x00007ff8ee7ce000 	C:\WINDOWS\SYSTEM32\USERENV.dll
0x00007ff8ee170000 - 0x00007ff8ee17c000 	C:\WINDOWS\SYSTEM32\CRYPTBASE.dll
0x00007ff8edc90000 - 0x00007ff8edccb000 	C:\WINDOWS\SYSTEM32\IPHLPAPI.DLL
0x00007ff8f0f00000 - 0x00007ff8f0f08000 	C:\WINDOWS\System32\NSI.dll

dbghelp: loaded successfully - version: 4.0.5 - missing functions: none
symbol engine: initialized successfully - sym options: 0x614 - pdb path: .;C:\Program Files\Eclipse Adoptium\jdk-21.0.1.12-hotspot\bin;C:\WINDOWS\SYSTEM32;C:\WINDOWS\WinSxS\amd64_microsoft.windows.common-controls_6595b64144ccf1df_6.0.19041.4355_none_60b8b9eb71f62e16;C:\Program Files\Eclipse Adoptium\jdk-21.0.1.12-hotspot\bin\server;C:\Program Files\JetBrains\IntelliJ IDEA 2023.2.5\bin;C:\Users\ilyass\AppData\Local\Temp

VM Arguments:
jvm_args: -Dmaven.multiModuleProjectDirectory=C:\Users\ilyass\demo55 -Djansi.passthrough=true -Dmaven.home=C:\Users\ilyass\.m2\wrapper\dists\apache-maven-3.9.9-bin\4nf9hui3q3djbarqar9g711ggc\apache-maven-3.9.9 -Dclassworlds.conf=C:\Users\ilyass\.m2\wrapper\dists\apache-maven-3.9.9-bin\4nf9hui3q3djbarqar9g711ggc\apache-maven-3.9.9\bin\m2.conf -Dmaven.ext.class.path=C:\Program Files\JetBrains\IntelliJ IDEA 2023.2.5\plugins\maven\lib\maven-event-listener.jar -javaagent:C:\Program Files\JetBrains\IntelliJ IDEA 2023.2.5\lib\idea_rt.jar=50421:C:\Program Files\JetBrains\IntelliJ IDEA 2023.2.5\bin -Dfile.encoding=UTF-8 -Dsun.stdout.encoding=UTF-8 -Dsun.stderr.encoding=UTF-8 
java_command: org.codehaus.classworlds.Launcher -Didea.version=2023.3.2 test
java_class_path (initial): C:\Users\ilyass\.m2\wrapper\dists\apache-maven-3.9.9-bin\4nf9hui3q3djbarqar9g711ggc\apache-maven-3.9.9\boot\plexus-classworlds-2.8.0.jar;C:\Users\ilyass\.m2\wrapper\dists\apache-maven-3.9.9-bin\4nf9hui3q3djbarqar9g711ggc\apache-maven-3.9.9\boot\plexus-classworlds.license
Launcher Type: SUN_STANDARD

[Global flags]
     intx CICompilerCount                          = 3                                         {product} {ergonomic}
     uint ConcGCThreads                            = 1                                         {product} {ergonomic}
     uint G1ConcRefinementThreads                  = 4                                         {product} {ergonomic}
   size_t G1HeapRegionSize                         = 1048576                                   {product} {ergonomic}
    uintx GCDrainStackTargetSize                   = 64                                        {product} {ergonomic}
   size_t InitialHeapSize                          = 67108864                                  {product} {ergonomic}
   size_t MarkStackSize                            = 4194304                                   {product} {ergonomic}
   size_t MaxHeapSize                              = 1048576000                                {product} {ergonomic}
   size_t MaxNewSize                               = 629145600                                 {product} {ergonomic}
   size_t MinHeapDeltaBytes                        = 1048576                                   {product} {ergonomic}
   size_t MinHeapSize                              = 8388608                                   {product} {ergonomic}
    uintx NonNMethodCodeHeapSize                   = 5832780                                {pd product} {ergonomic}
    uintx NonProfiledCodeHeapSize                  = 122912730                              {pd product} {ergonomic}
    uintx ProfiledCodeHeapSize                     = 122912730                              {pd product} {ergonomic}
    uintx ReservedCodeCacheSize                    = 251658240                              {pd product} {ergonomic}
     bool SegmentedCodeCache                       = true                                      {product} {ergonomic}
   size_t SoftMaxHeapSize                          = 1048576000                             {manageable} {ergonomic}
     bool UseCompressedOops                        = true                           {product lp64_product} {ergonomic}
     bool UseG1GC                                  = true                                      {product} {ergonomic}
     bool UseLargePagesIndividualAllocation        = false                                  {pd product} {ergonomic}

Logging:
Log output configuration:
 #0: stdout all=warning uptime,level,tags foldmultilines=false
 #1: stderr all=off uptime,level,tags foldmultilines=false

Environment Variables:
JAVA_HOME=C:\Program Files\Java\jdk-11\bin
PATH=C:\Python312\Scripts\;C:\Python312\;C:\Program Files\Common Files\Oracle\Java\javapath;C:\Users\ilyass\Desktop\jdk-21.0.1\bin;C:\Program Files (x86)\Common Files\Oracle\Java\javapath;C:\WINDOWS\system32;C:\WINDOWS;C:\WINDOWS\System32\Wbem;C:\WINDOWS\System32\WindowsPowerShell\v1.0\;C:\WINDOWS\System32\OpenSSH\;C:\Program Files\Docker\Docker\resources\bin;C:\Program Files\Git\cmd;C:\Program Files\GitHub CLI\;C:\Program Files\Java\jdk-11\bin;C:\Program Files\nodejs\;C:\ProgramData\chocolatey\bin;C:\terraform;C:\Program Files\Amazon\AWSCLIV2\;C:\Program Files\Redis;C:\Users\ilyass\AppData\Local\Microsoft\WindowsApps;;C:\Users\ilyass\AppData\Local\Programs\Microsoft VS Code\bin;C:\ghcup\bin;C:\Users\ilyass\AppData\Roaming\npm
USERNAME=ilyass
OS=Windows_NT
PROCESSOR_IDENTIFIER=Intel64 Family 6 Model 69 Stepping 1, GenuineIntel
TMP=C:\Users\ilyass\AppData\Local\Temp
TEMP=C:\Users\ilyass\AppData\Local\Temp




Periodic native trim disabled

---------------  S Y S T E M  ---------------

OS:
 Windows 10 , 64 bit Build 19041 (10.0.19041.5072)
OS uptime: 0 days 21:00 hours
Hyper-V role detected

CPU: total 4 (initial active 4) (2 cores per cpu, 2 threads per core) family 6 model 69 stepping 1 microcode 0x25, cx8, cmov, fxsr, ht, mmx, sse, sse2, sse3, ssse3, sse4.1, sse4.2, popcnt, lzcnt, tsc, tscinvbit, avx, avx2, aes, erms, clmul, bmi1, bmi2, fma, vzeroupper, clflush, hv, rdtscp, f16c
Processor Information for all 4 processors :
  Max Mhz: 2301, Current Mhz: 2301, Mhz Limit: 2301

Memory: 4k page, system-wide physical 3993M (81M free)
TotalPageFile size 16281M (AvailPageFile size 56M)
current process WorkingSet (physical memory assigned to process): 229M, peak: 231M
current process commit charge ("private bytes"): 329M, peak: 331M

vm_info: OpenJDK 64-Bit Server VM (21.0.1+12-LTS) for windows-amd64 JRE (21.0.1+12-LTS), built on 2023-10-17T00:00:00Z by "admin" with unknown MS VC++:1937

END.
