#
# There is insufficient memory for the Java Runtime Environment to continue.
# Native memory allocation (malloc) failed to allocate 1048576 bytes for AllocateHeap
# Possible reasons:
#   The system is out of physical RAM or swap space
#   The process is running with CompressedOops enabled, and the Java Heap may be blocking the growth of the native heap
# Possible solutions:
#   Reduce memory load on the system
#   Increase physical memory or swap space
#   Check if swap backing store is full
#   Decrease Java heap size (-Xmx/-Xms)
#   Decrease number of Java threads
#   Decrease Java thread stack sizes (-Xss)
#   Set larger code cache with -XX:ReservedCodeCacheSize=
#   JVM is running with Unscaled Compressed Oops mode in which the Java heap is
#     placed in the first 4GB address space. The Java Heap base address is the
#     maximum limit for the native heap growth. Please use -XX:HeapBaseMinAddress
#     to set the Java Heap base and to place the Java Heap above 4GB virtual address.
# This output file may be truncated or incomplete.
#
#  Out of Memory Error (allocation.cpp:44), pid=17912, tid=16328
#
# JRE version:  (21.0.1+12) (build )
# Java VM: OpenJDK 64-Bit Server VM (21.0.1+12-LTS, mixed mode, sharing, tiered, compressed oops, compressed class ptrs, g1 gc, windows-amd64)
# No core dump will be written. Minidumps are not enabled by default on client versions of Windows
#

---------------  S U M M A R Y ------------

Command Line: C:\Users\ilyass\AppData\Local\Temp\surefire2891693776160374402\surefirebooter-20241128192011258_3.jar C:\Users\ilyass\AppData\Local\Temp\surefire2891693776160374402 2024-11-28T19-20-10_688-jvmRun1 surefire-20241128192011258_1tmp surefire_0-20241128192011258_2tmp

Host: Intel(R) Core(TM) i5-4200U CPU @ 1.60GHz, 4 cores, 3G,  Windows 10 , 64 bit Build 19041 (10.0.19041.5072)
Time: Thu Nov 28 19:20:11 2024 Paris, Madrid elapsed time: 0.046132 seconds (0d 0h 0m 0s)

---------------  T H R E A D  ---------------

Current thread (0x000001975f27b080):  JavaThread "Unknown thread" [_thread_in_vm, id=16328, stack(0x0000006b90000000,0x0000006b90100000) (1024K)]

Stack: [0x0000006b90000000,0x0000006b90100000]
Native frames: (J=compiled Java code, j=interpreted, Vv=VM code, C=native code)
V  [jvm.dll+0x6c7789]
V  [jvm.dll+0x8a2011]
V  [jvm.dll+0x8a44ae]
V  [jvm.dll+0x8a4b83]
V  [jvm.dll+0x27f936]
V  [jvm.dll+0xbf4e7]
V  [jvm.dll+0x32fed5]
V  [jvm.dll+0x3283b1]
V  [jvm.dll+0x86b0f9]
V  [jvm.dll+0x3b9271]
V  [jvm.dll+0x8532c8]
V  [jvm.dll+0x44cffe]
V  [jvm.dll+0x44ea81]
C  [jli.dll+0x5278]
C  [ucrtbase.dll+0x21bb2]
C  [KERNEL32.DLL+0x17374]
C  [ntdll.dll+0x4cc91]


---------------  P R O C E S S  ---------------

Threads class SMR info:
_java_thread_list=0x00007ff88a42e088, length=0, elements={
}

Java Threads: ( => current thread )
Total: 0

Other Threads:
  0x0000019761350840 WorkerThread "GC Thread#0"                     [id=2764, stack(0x0000006b90100000,0x0000006b90200000) (1024K)]

[error occurred during error reporting (printing all threads), id 0xc0000005, EXCEPTION_ACCESS_VIOLATION (0xc0000005) at pc=0x00007ff889b34a80]
VM state: not at safepoint (not fully initialized)

VM Mutex/Monitor currently owned by a thread:  ([mutex/lock_event])
[0x00007ff88a4a1b28] Heap_lock - owner thread: 0x000001975f27b080

Heap address: 0x00000000c1800000, size: 1000 MB, Compressed Oops mode: 32-bit

CDS archive(s) mapped at: [0x0000000000000000-0x0000000000000000-0x0000000000000000), size 0, SharedBaseAddress: 0x0000000800000000, ArchiveRelocationMode: 1.
Narrow klass base: 0x0000000000000000, Narrow klass shift: 0, Narrow klass range: 0x0

GC Precious Log:
 CardTable entry size: 512
 Card Set container configuration: InlinePtr #cards 5 size 8 Array Of Cards #cards 12 size 40 Howl #buckets 4 coarsen threshold 1843 Howl Bitmap #cards 512 size 80 coarsen threshold 460 Card regions per heap region 1 cards per card region 2048

Heap:
 garbage-first heap   total 0K, used 0K [0x00000000c1800000, 0x0000000100000000)
  region size 1024K, 0 young (0K), 0 survivors (0K)

[error occurred during error reporting (printing heap information), id 0xc0000005, EXCEPTION_ACCESS_VIOLATION (0xc0000005) at pc=0x00007ff889f205d9]
GC Heap History (0 events):
No events

Dll operation events (1 events):
Event: 0.031 Loaded shared library C:\Program Files\Eclipse Adoptium\jdk-21.0.1.12-hotspot\bin\java.dll

Deoptimization events (0 events):
No events

Classes loaded (0 events):
No events

Classes unloaded (0 events):
No events

Classes redefined (0 events):
No events

Internal exceptions (0 events):
No events

ZGC Phase Switch (0 events):
No events

VM Operations (0 events):
No events

Events (0 events):
No events


Dynamic libraries:
0x00007ff7cce30000 - 0x00007ff7cce3e000 	C:\Program Files\Eclipse Adoptium\jdk-21.0.1.12-hotspot\bin\java.exe
0x00007ff8f1210000 - 0x00007ff8f1408000 	C:\WINDOWS\SYSTEM32\ntdll.dll
0x00007ff8f02b0000 - 0x00007ff8f0372000 	C:\WINDOWS\System32\KERNEL32.DLL
0x00007ff8eeb90000 - 0x00007ff8eee8e000 	C:\WINDOWS\System32\KERNELBASE.dll
0x00007ff8eea90000 - 0x00007ff8eeb90000 	C:\WINDOWS\System32\ucrtbase.dll
0x00007ff8c60d0000 - 0x00007ff8c60e8000 	C:\Program Files\Eclipse Adoptium\jdk-21.0.1.12-hotspot\bin\jli.dll
0x00007ff8f0460000 - 0x00007ff8f05fd000 	C:\WINDOWS\System32\USER32.dll
0x00007ff8eea10000 - 0x00007ff8eea32000 	C:\WINDOWS\System32\win32u.dll
0x00007ff8ef370000 - 0x00007ff8ef39b000 	C:\WINDOWS\System32\GDI32.dll
0x00007ff8ef070000 - 0x00007ff8ef187000 	C:\WINDOWS\System32\gdi32full.dll
0x00007ff8ef190000 - 0x00007ff8ef22d000 	C:\WINDOWS\System32\msvcp_win.dll
0x00007ff8d98d0000 - 0x00007ff8d9b6a000 	C:\WINDOWS\WinSxS\amd64_microsoft.windows.common-controls_6595b64144ccf1df_6.0.19041.4355_none_60b8b9eb71f62e16\COMCTL32.dll
0x00007ff8c6170000 - 0x00007ff8c618b000 	C:\Program Files\Eclipse Adoptium\jdk-21.0.1.12-hotspot\bin\VCRUNTIME140.dll
0x00007ff8ef2d0000 - 0x00007ff8ef36e000 	C:\WINDOWS\System32\msvcrt.dll
0x00007ff8ef4d0000 - 0x00007ff8ef4ff000 	C:\WINDOWS\System32\IMM32.DLL
0x00007ff8c60c0000 - 0x00007ff8c60cc000 	C:\Program Files\Eclipse Adoptium\jdk-21.0.1.12-hotspot\bin\vcruntime140_1.dll
0x00007ff891bd0000 - 0x00007ff891c5e000 	C:\Program Files\Eclipse Adoptium\jdk-21.0.1.12-hotspot\bin\msvcp140.dll
0x00007ff889800000 - 0x00007ff88a581000 	C:\Program Files\Eclipse Adoptium\jdk-21.0.1.12-hotspot\bin\server\jvm.dll
0x00007ff8ef500000 - 0x00007ff8ef5b1000 	C:\WINDOWS\System32\ADVAPI32.dll
0x00007ff8ef230000 - 0x00007ff8ef2cf000 	C:\WINDOWS\System32\sechost.dll
0x00007ff8ef3a0000 - 0x00007ff8ef4c3000 	C:\WINDOWS\System32\RPCRT4.dll
0x00007ff8eef20000 - 0x00007ff8eef47000 	C:\WINDOWS\System32\bcrypt.dll
0x00007ff8f10b0000 - 0x00007ff8f111b000 	C:\WINDOWS\System32\WS2_32.dll
0x00007ff8eddb0000 - 0x00007ff8eddfb000 	C:\WINDOWS\SYSTEM32\POWRPROF.dll
0x00007ff8dbee0000 - 0x00007ff8dbf07000 	C:\WINDOWS\SYSTEM32\WINMM.dll
0x00007ff8dda60000 - 0x00007ff8dda6a000 	C:\WINDOWS\SYSTEM32\VERSION.dll
0x00007ff8edc70000 - 0x00007ff8edc82000 	C:\WINDOWS\SYSTEM32\UMPDC.dll
0x00007ff8ed080000 - 0x00007ff8ed092000 	C:\WINDOWS\SYSTEM32\kernel.appcore.dll
0x00007ff8b4500000 - 0x00007ff8b450a000 	C:\Program Files\Eclipse Adoptium\jdk-21.0.1.12-hotspot\bin\jimage.dll
0x00007ff8dbfd0000 - 0x00007ff8dc1b4000 	C:\WINDOWS\SYSTEM32\DBGHELP.DLL
0x00007ff8dbd40000 - 0x00007ff8dbd74000 	C:\WINDOWS\SYSTEM32\dbgcore.DLL
0x00007ff8eee90000 - 0x00007ff8eef12000 	C:\WINDOWS\System32\bcryptPrimitives.dll
0x00007ff8b3710000 - 0x00007ff8b372f000 	C:\Program Files\Eclipse Adoptium\jdk-21.0.1.12-hotspot\bin\java.dll

dbghelp: loaded successfully - version: 4.0.5 - missing functions: none
symbol engine: initialized successfully - sym options: 0x614 - pdb path: .;C:\Program Files\Eclipse Adoptium\jdk-21.0.1.12-hotspot\bin;C:\WINDOWS\SYSTEM32;C:\WINDOWS\WinSxS\amd64_microsoft.windows.common-controls_6595b64144ccf1df_6.0.19041.4355_none_60b8b9eb71f62e16;C:\Program Files\Eclipse Adoptium\jdk-21.0.1.12-hotspot\bin\server

VM Arguments:
java_command: C:\Users\ilyass\AppData\Local\Temp\surefire2891693776160374402\surefirebooter-20241128192011258_3.jar C:\Users\ilyass\AppData\Local\Temp\surefire2891693776160374402 2024-11-28T19-20-10_688-jvmRun1 surefire-20241128192011258_1tmp surefire_0-20241128192011258_2tmp
java_class_path (initial): C:\Users\ilyass\AppData\Local\Temp\surefire2891693776160374402\surefirebooter-20241128192011258_3.jar
Launcher Type: SUN_STANDARD

[Global flags]
     intx CICompilerCount                          = 3                                         {product} {ergonomic}
     uint ConcGCThreads                            = 1                                         {product} {ergonomic}
     uint G1ConcRefinementThreads                  = 4                                         {product} {ergonomic}
   size_t G1HeapRegionSize                         = 1048576                                   {product} {ergonomic}
    uintx GCDrainStackTargetSize                   = 64                                        {product} {ergonomic}
   size_t InitialHeapSize                          = 67108864                                  {product} {ergonomic}
   size_t MarkStackSize                            = 4194304                                   {product} {ergonomic}
   size_t MaxHeapSize                              = 1048576000                                {product} {ergonomic}
   size_t MinHeapDeltaBytes                        = 1048576                                   {product} {ergonomic}
   size_t MinHeapSize                              = 8388608                                   {product} {ergonomic}
    uintx NonNMethodCodeHeapSize                   = 5832780                                {pd product} {ergonomic}
    uintx NonProfiledCodeHeapSize                  = 122912730                              {pd product} {ergonomic}
    uintx ProfiledCodeHeapSize                     = 122912730                              {pd product} {ergonomic}
    uintx ReservedCodeCacheSize                    = 251658240                              {pd product} {ergonomic}
     bool SegmentedCodeCache                       = true                                      {product} {ergonomic}
   size_t SoftMaxHeapSize                          = 1048576000                             {manageable} {ergonomic}
     bool UseCompressedOops                        = true                           {product lp64_product} {ergonomic}
     bool UseG1GC                                  = true                                      {product} {ergonomic}
     bool UseLargePagesIndividualAllocation        = false                                  {pd product} {ergonomic}

Logging:
Log output configuration:
 #0: stdout all=warning uptime,level,tags foldmultilines=false
 #1: stderr all=off uptime,level,tags foldmultilines=false

Environment Variables:
JAVA_HOME=C:\Program Files\Java\jdk-11\bin
PATH=C:\Python312\Scripts\;C:\Python312\;C:\Program Files\Common Files\Oracle\Java\javapath;C:\Users\ilyass\Desktop\jdk-21.0.1\bin;C:\Program Files (x86)\Common Files\Oracle\Java\javapath;C:\WINDOWS\system32;C:\WINDOWS;C:\WINDOWS\System32\Wbem;C:\WINDOWS\System32\WindowsPowerShell\v1.0\;C:\WINDOWS\System32\OpenSSH\;C:\Program Files\Docker\Docker\resources\bin;C:\Program Files\Git\cmd;C:\Program Files\GitHub CLI\;C:\Program Files\Java\jdk-11\bin;C:\Program Files\nodejs\;C:\ProgramData\chocolatey\bin;C:\terraform;C:\Program Files\Amazon\AWSCLIV2\;C:\Program Files\Redis;C:\Users\ilyass\AppData\Local\Microsoft\WindowsApps;;C:\Users\ilyass\AppData\Local\Programs\Microsoft VS Code\bin;C:\ghcup\bin;C:\Users\ilyass\AppData\Roaming\npm
USERNAME=ilyass
OS=Windows_NT
PROCESSOR_IDENTIFIER=Intel64 Family 6 Model 69 Stepping 1, GenuineIntel
TMP=C:\Users\ilyass\AppData\Local\Temp
TEMP=C:\Users\ilyass\AppData\Local\Temp




Periodic native trim disabled

---------------  S Y S T E M  ---------------

OS:
 Windows 10 , 64 bit Build 19041 (10.0.19041.5072)
OS uptime: 0 days 21:00 hours
Hyper-V role detected

CPU: total 4 (initial active 4) (2 cores per cpu, 2 threads per core) family 6 model 69 stepping 1 microcode 0x25, cx8, cmov, fxsr, ht, mmx, sse, sse2, sse3, ssse3, sse4.1, sse4.2, popcnt, lzcnt, tsc, tscinvbit, avx, avx2, aes, erms, clmul, bmi1, bmi2, fma, vzeroupper, clflush, hv, rdtscp, f16c
Processor Information for all 4 processors :
  Max Mhz: 2301, Current Mhz: 2301, Mhz Limit: 2301

Memory: 4k page, system-wide physical 3993M (77M free)
TotalPageFile size 16281M (AvailPageFile size 6M)
current process WorkingSet (physical memory assigned to process): 9M, peak: 9M
current process commit charge ("private bytes"): 49M, peak: 50M

vm_info: OpenJDK 64-Bit Server VM (21.0.1+12-LTS) for windows-amd64 JRE (21.0.1+12-LTS), built on 2023-10-17T00:00:00Z by "admin" with unknown MS VC++:1937

END.
